#
# There is insufficient memory for the Java Runtime Environment to continue.
# Native memory allocation (malloc) failed to allocate 72351744 bytes for committing reserved memory.
# Possible reasons:
#   The system is out of physical RAM or swap space
#   In 32 bit mode, the process size limit was hit
# Possible solutions:
#   Reduce memory load on the system
#   Increase physical memory or swap space
#   Check if swap backing store is full
#   Use 64 bit Java on a 64 bit OS
#   Decrease Java heap size (-Xmx/-Xms)
#   Decrease number of Java threads
#   Decrease Java thread stack sizes (-Xss)
#   Set larger code cache with -XX:ReservedCodeCacheSize=
# This output file may be truncated or incomplete.
#
#  Out of Memory Error (os_linux.cpp:2769), pid=9008, tid=140451321833216
#
# JRE version: OpenJDK Runtime Environment (7.0_55-b14) (build 1.7.0_55-b14)
# Java VM: OpenJDK 64-Bit Server VM (24.51-b03 mixed mode linux-amd64 compressed oops)
# Failed to write core dump. Core dumps have been disabled. To enable core dumping, try "ulimit -c unlimited" before starting Java again
#

---------------  T H R E A D  ---------------

Current thread (0x0000000000d8c000):  VMThread [stack: 0x00007fbd5f156000,0x00007fbd5f257000] [id=9012]

Stack: [0x00007fbd5f156000,0x00007fbd5f257000],  sp=0x00007fbd5f2554c0,  free space=1021k
Native frames: (J=compiled Java code, j=interpreted, Vv=VM code, C=native code)
V  [libjvm.so+0x8f8c75]  VMError::report_and_die()+0x175
V  [libjvm.so+0x46afd0]  report_vm_out_of_memory(char const*, int, unsigned long, char const*)+0x70
V  [libjvm.so+0x78729e]  os::Linux::commit_memory_impl(char*, unsigned long, unsigned long, bool)+0x17e
V  [libjvm.so+0x78733c]  os::pd_commit_memory(char*, unsigned long, unsigned long, bool)+0xc
V  [libjvm.so+0x781bb6]  os::commit_memory(char*, unsigned long, unsigned long, bool)+0x26
V  [libjvm.so+0x7ec3fb]  PSVirtualSpace::expand_by(unsigned long)+0x6b
V  [libjvm.so+0x7dc74c]  PSOldGen::expand(unsigned long) [clone .part.81]+0x1ac
V  [libjvm.so+0x7dd610]  PSOldGen::resize(unsigned long)+0x1e0
V  [libjvm.so+0x7e4cc4]  PSParallelCompact::invoke_no_policy(bool)+0x954
V  [libjvm.so+0x7eaa5d]  PSScavenge::invoke()+0x18d
V  [libjvm.so+0x7a473e]  ParallelScavengeHeap::failed_mem_allocate(unsigned long)+0x6e
V  [libjvm.so+0x8fa700]  VM_ParallelGCFailedAllocation::doit()+0x90
V  [libjvm.so+0x8fed92]  VM_Operation::evaluate()+0x52
V  [libjvm.so+0x8fd798]  VMThread::evaluate_operation(VM_Operation*)+0x318
V  [libjvm.so+0x8fdbbe]  VMThread::loop()+0x1ee
V  [libjvm.so+0x8fe002]  VMThread::run()+0x72
V  [libjvm.so+0x784242]  java_start(Thread*)+0xf2

VM_Operation (0x00007fbd55a1b400): ParallelGCFailedAllocation, mode: safepoint, requested by thread 0x0000000001623800


---------------  P R O C E S S  ---------------

Java Threads: ( => current thread )
  0x0000000001623800 JavaThread "AWT-EventQueue-0" [_thread_blocked, id=9101, stack(0x00007fbd5591f000,0x00007fbd55a20000)]
  0x0000000001a49800 JavaThread "AWT-Shutdown" [_thread_blocked, id=9100, stack(0x00007fbd55a20000,0x00007fbd55b21000)]
  0x00007fbd5865f800 JavaThread "TimerQueue" daemon [_thread_blocked, id=9099, stack(0x00007fbd55b21000,0x00007fbd55c22000)]
  0x00007fbd585ca000 JavaThread "Thread-2" daemon [_thread_in_native, id=9077, stack(0x00007fbd5c9c5000,0x00007fbd5cac6000)]
  0x00007fbd5838d800 JavaThread "Thread-1" daemon [_thread_in_native, id=9072, stack(0x00007fbd5cac6000,0x00007fbd5cbc7000)]
  0x00007fbd58747000 JavaThread "process reaper" daemon [_thread_in_native, id=9068, stack(0x00007fbd5cbc7000,0x00007fbd5cc00000)]
  0x0000000000dcb800 JavaThread "Service Thread" daemon [_thread_blocked, id=9018, stack(0x00007fbd5e9d9000,0x00007fbd5eada000)]
  0x0000000000dc0000 JavaThread "C2 CompilerThread1" daemon [_thread_blocked, id=9017, stack(0x00007fbd5eada000,0x00007fbd5ebdb000)]
  0x0000000000dbd000 JavaThread "C2 CompilerThread0" daemon [_thread_blocked, id=9016, stack(0x00007fbd5ebdb000,0x00007fbd5ecdc000)]
  0x0000000000dbb000 JavaThread "Signal Dispatcher" daemon [_thread_blocked, id=9015, stack(0x00007fbd5ecdc000,0x00007fbd5eddd000)]
  0x0000000000d92800 JavaThread "Finalizer" daemon [_thread_blocked, id=9014, stack(0x00007fbd5ef54000,0x00007fbd5f055000)]
  0x0000000000d90800 JavaThread "Reference Handler" daemon [_thread_blocked, id=9013, stack(0x00007fbd5f055000,0x00007fbd5f156000)]
  0x0000000000c9e000 JavaThread "main" [_thread_blocked, id=9009, stack(0x00007fbd68e5a000,0x00007fbd68f5b000)]

Other Threads:
=>0x0000000000d8c000 VMThread [stack: 0x00007fbd5f156000,0x00007fbd5f257000] [id=9012]
  0x0000000000dd6000 WatcherThread [stack: 0x00007fbd5e8d8000,0x00007fbd5e9d9000] [id=9019]

VM state:at safepoint (normal execution)

VM Mutex/Monitor currently owned by a thread:  ([mutex/lock_event])
[0x0000000000c9a2d0] ExpandHeap_lock - owner thread: 0x0000000000d8c000
[0x0000000000c9a950] Threads_lock - owner thread: 0x0000000000d8c000
[0x0000000000c9ae50] Heap_lock - owner thread: 0x0000000001623800

Heap
 PSYoungGen      total 267264K, used 468K [0x00000000eaa80000, 0x0000000100000000, 0x0000000100000000)
  eden space 223744K, 0% used [0x00000000eaa80000,0x00000000eaa80000,0x00000000f8500000)
  from space 43520K, 1% used [0x00000000fd580000,0x00000000fd5f53a8,0x0000000100000000)
  to   space 62976K, 0% used [0x00000000f8500000,0x00000000f8500000,0x00000000fc280000)
 ParOldGen       total 98304K, used 98225K [0x00000000c0000000, 0x00000000c6000000, 0x00000000eaa80000)
  object space 98304K, 99% used [0x00000000c0000000,0x00000000c5fec5b8,0x00000000c6000000)
 PSPermGen       total 21504K, used 19595K [0x00000000b5a00000, 0x00000000b6f00000, 0x00000000c0000000)
  object space 21504K, 91% used [0x00000000b5a00000,0x00000000b6d22f80,0x00000000b6f00000)

Card table byte_map: [0x00007fbd62956000,0x00007fbd62baa000] byte_map_base: 0x00007fbd623a9000

Polling page: 0x00007fbd68f6c000

Code Cache  [0x00007fbd62baa000, 0x00007fbd62f8a000, 0x00007fbd65baa000)
 total_blobs=1365 nmethods=1043 adapters=275 free_code_cache=45288Kb largest_free_block=46293120

Compilation events (10 events):
Event: 361.372 Thread 0x0000000000dc0000 nmethod 1158 0x00007fbd62f72810 code [0x00007fbd62f72ba0, 0x00007fbd62f73ec8]
Event: 361.391 Thread 0x0000000000dc0000 1160 %           java.util.HashMap::putAll @ 120 (163 bytes)
Event: 361.413 Thread 0x0000000000dc0000 nmethod 1160% 0x00007fbd62f6a590 code [0x00007fbd62f6a740, 0x00007fbd62f6ac08]
Event: 361.432 Thread 0x0000000000dbd000 nmethod 1159 0x00007fbd62f785d0 code [0x00007fbd62f789a0, 0x00007fbd62f7a290]
Event: 362.172 Thread 0x0000000000dc0000 1161             java.util.HashMap::putAll (163 bytes)
Event: 362.223 Thread 0x0000000000dc0000 nmethod 1161 0x00007fbd62ed7d50 code [0x00007fbd62ed7f80, 0x00007fbd62ed8710]
Event: 363.555 Thread 0x0000000000dbd000 1162             java.io.UnixFileSystem::getBooleanAttributes (49 bytes)
Event: 363.557 Thread 0x0000000000dbd000 nmethod 1162 0x00007fbd62f6b110 code [0x00007fbd62f6b280, 0x00007fbd62f6b378]
Event: 367.220 Thread 0x0000000000dbd000 1164             com.sencha.util.PathUtil::getRelativePath (237 bytes)
Event: 367.550 Thread 0x0000000000dbd000 nmethod 1164 0x00007fbd62f7f850 code [0x00007fbd62f7fc00, 0x00007fbd62f81c08]

GC Heap History (10 events):
Event: 72.275 GC heap after
Heap after GC invocations=6 (full 0):
 PSYoungGen      total 144384K, used 10662K [0x00000000eaa80000, 0x00000000f4680000, 0x0000000100000000)
  eden space 133632K, 0% used [0x00000000eaa80000,0x00000000eaa80000,0x00000000f2d00000)
  from space 10752K, 99% used [0x00000000f3900000,0x00000000f4369978,0x00000000f4380000)
  to   space 12288K, 0% used [0x00000000f2d00000,0x00000000f2d00000,0x00000000f3900000)
 ParOldGen       total 87552K, used 14499K [0x00000000c0000000, 0x00000000c5580000, 0x00000000eaa80000)
  object space 87552K, 16% used [0x00000000c0000000,0x00000000c0e28ce8,0x00000000c5580000)
 PSPermGen       total 21504K, used 17249K [0x00000000b5a00000, 0x00000000b6f00000, 0x00000000c0000000)
  object space 21504K, 80% used [0x00000000b5a00000,0x00000000b6ad8720,0x00000000b6f00000)
}
Event: 87.879 GC heap before
{Heap before GC invocations=7 (full 0):
 PSYoungGen      total 144384K, used 144294K [0x00000000eaa80000, 0x00000000f4680000, 0x0000000100000000)
  eden space 133632K, 100% used [0x00000000eaa80000,0x00000000f2d00000,0x00000000f2d00000)
  from space 10752K, 99% used [0x00000000f3900000,0x00000000f4369978,0x00000000f4380000)
  to   space 12288K, 0% used [0x00000000f2d00000,0x00000000f2d00000,0x00000000f3900000)
 ParOldGen       total 87552K, used 14499K [0x00000000c0000000, 0x00000000c5580000, 0x00000000eaa80000)
  object space 87552K, 16% used [0x00000000c0000000,0x00000000c0e28ce8,0x00000000c5580000)
 PSPermGen       total 21504K, used 17411K [0x00000000b5a00000, 0x00000000b6f00000, 0x00000000c0000000)
  object space 21504K, 80% used [0x00000000b5a00000,0x00000000b6b00e50,0x00000000b6f00000)
Event: 88.062 GC heap after
Heap after GC invocations=7 (full 0):
 PSYoungGen      total 145920K, used 12284K [0x00000000eaa80000, 0x00000000fdf80000, 0x0000000100000000)
  eden space 133632K, 0% used [0x00000000eaa80000,0x00000000eaa80000,0x00000000f2d00000)
  from space 12288K, 99% used [0x00000000f2d00000,0x00000000f38ff360,0x00000000f3900000)
  to   space 24576K, 0% used [0x00000000fc780000,0x00000000fc780000,0x00000000fdf80000)
 ParOldGen       total 87552K, used 36933K [0x00000000c0000000, 0x00000000c5580000, 0x00000000eaa80000)
  object space 87552K, 42% used [0x00000000c0000000,0x00000000c2411498,0x00000000c5580000)
 PSPermGen       total 21504K, used 17411K [0x00000000b5a00000, 0x00000000b6f00000, 0x00000000c0000000)
  object space 21504K, 80% used [0x00000000b5a00000,0x00000000b6b00e50,0x00000000b6f00000)
}
Event: 107.514 GC heap before
{Heap before GC invocations=8 (full 0):
 PSYoungGen      total 145920K, used 145916K [0x00000000eaa80000, 0x00000000fdf80000, 0x0000000100000000)
  eden space 133632K, 100% used [0x00000000eaa80000,0x00000000f2d00000,0x00000000f2d00000)
  from space 12288K, 99% used [0x00000000f2d00000,0x00000000f38ff360,0x00000000f3900000)
  to   space 24576K, 0% used [0x00000000fc780000,0x00000000fc780000,0x00000000fdf80000)
 ParOldGen       total 87552K, used 36933K [0x00000000c0000000, 0x00000000c5580000, 0x00000000eaa80000)
  object space 87552K, 42% used [0x00000000c0000000,0x00000000c2411498,0x00000000c5580000)
 PSPermGen       total 21504K, used 17531K [0x00000000b5a00000, 0x00000000b6f00000, 0x00000000c0000000)
  object space 21504K, 81% used [0x00000000b5a00000,0x00000000b6b1ed60,0x00000000b6f00000)
Event: 107.726 GC heap after
Heap after GC invocations=8 (full 0):
 PSYoungGen      total 282112K, used 24565K [0x00000000eaa80000, 0x00000000ff280000, 0x0000000100000000)
  eden space 257536K, 0% used [0x00000000eaa80000,0x00000000eaa80000,0x00000000fa600000)
  from space 24576K, 99% used [0x00000000fc780000,0x00000000fdf7d518,0x00000000fdf80000)
  to   space 34304K, 0% used [0x00000000fa600000,0x00000000fa600000,0x00000000fc780000)
 ParOldGen       total 87552K, used 49226K [0x00000000c0000000, 0x00000000c5580000, 0x00000000eaa80000)
  object space 87552K, 56% used [0x00000000c0000000,0x00000000c30129d0,0x00000000c5580000)
 PSPermGen       total 21504K, used 17531K [0x00000000b5a00000, 0x00000000b6f00000, 0x00000000c0000000)
  object space 21504K, 81% used [0x00000000b5a00000,0x00000000b6b1ed60,0x00000000b6f00000)
}
Event: 137.908 GC heap before
{Heap before GC invocations=9 (full 0):
 PSYoungGen      total 282112K, used 282101K [0x00000000eaa80000, 0x00000000ff280000, 0x0000000100000000)
  eden space 257536K, 100% used [0x00000000eaa80000,0x00000000fa600000,0x00000000fa600000)
  from space 24576K, 99% used [0x00000000fc780000,0x00000000fdf7d518,0x00000000fdf80000)
  to   space 34304K, 0% used [0x00000000fa600000,0x00000000fa600000,0x00000000fc780000)
 ParOldGen       total 87552K, used 49226K [0x00000000c0000000, 0x00000000c5580000, 0x00000000eaa80000)
  object space 87552K, 56% used [0x00000000c0000000,0x00000000c30129d0,0x00000000c5580000)
 PSPermGen       total 21504K, used 17830K [0x00000000b5a00000, 0x00000000b6f00000, 0x00000000c0000000)
  object space 21504K, 82% used [0x00000000b5a00000,0x00000000b6b698a8,0x00000000b6f00000)
Event: 138.179 GC heap after
Heap after GC invocations=9 (full 0):
 PSYoungGen      total 291840K, used 34276K [0x00000000eaa80000, 0x0000000100000000, 0x0000000100000000)
  eden space 257536K, 0% used [0x00000000eaa80000,0x00000000eaa80000,0x00000000fa600000)
  from space 34304K, 99% used [0x00000000fa600000,0x00000000fc7791a0,0x00000000fc780000)
  to   space 43520K, 0% used [0x00000000fd580000,0x00000000fd580000,0x0000000100000000)
 ParOldGen       total 87552K, used 58610K [0x00000000c0000000, 0x00000000c5580000, 0x00000000eaa80000)
  object space 87552K, 66% used [0x00000000c0000000,0x00000000c393c9c8,0x00000000c5580000)
 PSPermGen       total 21504K, used 17830K [0x00000000b5a00000, 0x00000000b6f00000, 0x00000000c0000000)
  object space 21504K, 82% used [0x00000000b5a00000,0x00000000b6b698a8,0x00000000b6f00000)
}
Event: 375.908 GC heap before
{Heap before GC invocations=10 (full 0):
 PSYoungGen      total 291840K, used 291812K [0x00000000eaa80000, 0x0000000100000000, 0x0000000100000000)
  eden space 257536K, 100% used [0x00000000eaa80000,0x00000000fa600000,0x00000000fa600000)
  from space 34304K, 99% used [0x00000000fa600000,0x00000000fc7791a0,0x00000000fc780000)
  to   space 43520K, 0% used [0x00000000fd580000,0x00000000fd580000,0x0000000100000000)
 ParOldGen       total 87552K, used 58610K [0x00000000c0000000, 0x00000000c5580000, 0x00000000eaa80000)
  object space 87552K, 66% used [0x00000000c0000000,0x00000000c393c9c8,0x00000000c5580000)
 PSPermGen       total 21504K, used 20346K [0x00000000b5a00000, 0x00000000b6f00000, 0x00000000c0000000)
  object space 21504K, 94% used [0x00000000b5a00000,0x00000000b6ddeb80,0x00000000b6f00000)
Event: 377.213 GC heap after
Heap after GC invocations=10 (full 0):
 PSYoungGen      total 267264K, used 43513K [0x00000000eaa80000, 0x0000000100000000, 0x0000000100000000)
  eden space 223744K, 0% used [0x00000000eaa80000,0x00000000eaa80000,0x00000000f8500000)
  from space 43520K, 99% used [0x00000000fd580000,0x00000000ffffe530,0x0000000100000000)
  to   space 62976K, 0% used [0x00000000f8500000,0x00000000f8500000,0x00000000fc280000)
 ParOldGen       total 98304K, used 92835K [0x00000000c0000000, 0x00000000c6000000, 0x00000000eaa80000)
  object space 98304K, 94% used [0x00000000c0000000,0x00000000c5aa8c90,0x00000000c6000000)
 PSPermGen       total 21504K, used 20346K [0x00000000b5a00000, 0x00000000b6f00000, 0x00000000c0000000)
  object space 21504K, 94% used [0x00000000b5a00000,0x00000000b6ddeb80,0x00000000b6f00000)
}
Event: 377.575 GC heap before
{Heap before GC invocations=11 (full 1):
 PSYoungGen      total 267264K, used 43513K [0x00000000eaa80000, 0x0000000100000000, 0x0000000100000000)
  eden space 223744K, 0% used [0x00000000eaa80000,0x00000000eaa80000,0x00000000f8500000)
  from space 43520K, 99% used [0x00000000fd580000,0x00000000ffffe530,0x0000000100000000)
  to   space 62976K, 0% used [0x00000000f8500000,0x00000000f8500000,0x00000000fc280000)
 ParOldGen       total 98304K, used 92835K [0x00000000c0000000, 0x00000000c6000000, 0x00000000eaa80000)
  object space 98304K, 94% used [0x00000000c0000000,0x00000000c5aa8c90,0x00000000c6000000)
 PSPermGen       total 21504K, used 20346K [0x00000000b5a00000, 0x00000000b6f00000, 0x00000000c0000000)
  object space 21504K, 94% used [0x00000000b5a00000,0x00000000b6ddeb80,0x00000000b6f00000)

Deoptimization events (10 events):
Event: 285.152 Thread 0x00007fbd5838d800 Uncommon trap: reason=null_check action=make_not_entrant pc=0x00007fbd62c47ba8 method=java.lang.StringCoding.deref(Ljava/lang/ThreadLocal;)Ljava/lang/Object; @ 4
Event: 354.500 Thread 0x0000000000c9e000 Uncommon trap: reason=unreached action=reinterpret pc=0x00007fbd62ca7988 method=java.util.Locale.equals(Ljava/lang/Object;)Z @ 2
Event: 354.529 Thread 0x0000000000c9e000 Uncommon trap: reason=bimorphic action=maybe_recompile pc=0x00007fbd62e9fda4 method=java.util.ArrayList.batchRemove(Ljava/util/Collection;Z)Z @ 28
Event: 356.427 Thread 0x0000000001623800 Uncommon trap: reason=null_check action=make_not_entrant pc=0x00007fbd62c29754 method=java.lang.StringCoding.deref(Ljava/lang/ThreadLocal;)Ljava/lang/Object; @ 4
Event: 356.946 Thread 0x0000000001623800 Uncommon trap: reason=null_check action=make_not_entrant pc=0x00007fbd62f22614 method=org.apache.tools.ant.PropertyHelper.add(Lorg/apache/tools/ant/PropertyHelper$Delegate;)V @ 43
Event: 357.704 Thread 0x0000000001623800 Uncommon trap: reason=class_check action=maybe_recompile pc=0x00007fbd62dbb79c method=com.sencha.util.filters.RegexFilter.test(Ljava/lang/String;)Z @ 10
Event: 357.708 Thread 0x0000000001623800 Uncommon trap: reason=class_check action=maybe_recompile pc=0x00007fbd62dbb79c method=com.sencha.util.filters.RegexFilter.test(Ljava/lang/String;)Z @ 10
Event: 357.718 Thread 0x0000000001623800 Uncommon trap: reason=class_check action=maybe_recompile pc=0x00007fbd62dbb79c method=com.sencha.util.filters.RegexFilter.test(Ljava/lang/String;)Z @ 10
Event: 357.745 Thread 0x0000000001623800 Uncommon trap: reason=class_check action=maybe_recompile pc=0x00007fbd62dbb79c method=com.sencha.util.filters.RegexFilter.test(Ljava/lang/String;)Z @ 10
Event: 362.221 Thread 0x0000000001623800 Uncommon trap: reason=class_check action=maybe_recompile pc=0x00007fbd62dd25ec method=com.sencha.util.CollectionUtil.wrap(Ljava/util/Collection;)Lcom/sencha/util/CollectionUtil$MonadicList; @ 8

Internal exceptions (10 events):
Event: 354.427 Thread 0x0000000000c9e000 Threw 0x00000000f546c878 at /build/openjdk-7-kBcQ8a/openjdk-7-7u55-2.4.7/build/openjdk/hotspot/src/share/vm/prims/jvm.cpp:1244
Event: 354.501 Thread 0x0000000000c9e000 Threw 0x00000000f5471b20 at /build/openjdk-7-kBcQ8a/openjdk-7-7u55-2.4.7/build/openjdk/hotspot/src/share/vm/prims/jvm.cpp:1244
Event: 354.501 Thread 0x0000000000c9e000 Threw 0x00000000f5475380 at /build/openjdk-7-kBcQ8a/openjdk-7-7u55-2.4.7/build/openjdk/hotspot/src/share/vm/prims/jvm.cpp:1244
Event: 354.502 Thread 0x0000000000c9e000 Threw 0x00000000f547a650 at /build/openjdk-7-kBcQ8a/openjdk-7-7u55-2.4.7/build/openjdk/hotspot/src/share/vm/prims/jvm.cpp:1244
Event: 354.502 Thread 0x0000000000c9e000 Threw 0x00000000f547dff8 at /build/openjdk-7-kBcQ8a/openjdk-7-7u55-2.4.7/build/openjdk/hotspot/src/share/vm/prims/jvm.cpp:1244
Event: 354.654 Thread 0x0000000000c9e000 Threw 0x00000000f5486900 at /build/openjdk-7-kBcQ8a/openjdk-7-7u55-2.4.7/build/openjdk/hotspot/src/share/vm/prims/jni.cpp:717
Event: 354.748 Thread 0x0000000000c9e000 Threw 0x00000000f548f880 at /build/openjdk-7-kBcQ8a/openjdk-7-7u55-2.4.7/build/openjdk/hotspot/src/share/vm/prims/jvm.cpp:1244
Event: 355.209 Thread 0x0000000000c9e000 Threw 0x00000000f550c8f8 at /build/openjdk-7-kBcQ8a/openjdk-7-7u55-2.4.7/build/openjdk/hotspot/src/share/vm/prims/jvm.cpp:1244
Event: 356.427 Thread 0x0000000001623800 Implicit null exception at 0x00007fbd62c2963f to 0x00007fbd62c29749
Event: 356.940 Thread 0x0000000001623800 Implicit null exception at 0x00007fbd62f212b7 to 0x00007fbd62f22605

Events (10 events):
Event: 357.718 Thread 0x0000000001623800 Uncommon trap: trap_request=0xffffffde fr.pc=0x00007fbd62dbb79c
Event: 357.718 Thread 0x0000000001623800 DEOPT PACKING pc=0x00007fbd62dbb79c sp=0x00007fbd55a1b290
Event: 357.718 Thread 0x0000000001623800 DEOPT UNPACKING pc=0x00007fbd62be3045 sp=0x00007fbd55a1b288 mode 2
Event: 357.745 Thread 0x0000000001623800 Uncommon trap: trap_request=0xffffffde fr.pc=0x00007fbd62dbb79c
Event: 357.745 Thread 0x0000000001623800 DEOPT PACKING pc=0x00007fbd62dbb79c sp=0x00007fbd55a1b290
Event: 357.745 Thread 0x0000000001623800 DEOPT UNPACKING pc=0x00007fbd62be3045 sp=0x00007fbd55a1b288 mode 2
Event: 362.221 Thread 0x0000000001623800 Uncommon trap: trap_request=0xffffffde fr.pc=0x00007fbd62dd25ec
Event: 362.221 Thread 0x0000000001623800 DEOPT PACKING pc=0x00007fbd62dd25ec sp=0x00007fbd55a1b490
Event: 362.221 Thread 0x0000000001623800 DEOPT UNPACKING pc=0x00007fbd62be3045 sp=0x00007fbd55a1b468 mode 2
Event: 375.908 Executing VM operation: ParallelGCFailedAllocation


Dynamic libraries:
00400000-00401000 r-xp 00000000 fe:00 145358                             /usr/lib/jvm/java-7-openjdk-amd64/jre/bin/java
00600000-00601000 r--p 00000000 fe:00 145358                             /usr/lib/jvm/java-7-openjdk-amd64/jre/bin/java
00601000-00602000 rw-p 00001000 fe:00 145358                             /usr/lib/jvm/java-7-openjdk-amd64/jre/bin/java
00c91000-01f70000 rw-p 00000000 00:00 0                                  [heap]
b5a00000-b6f00000 rw-p 00000000 00:00 0 
b6f00000-c0000000 rw-p 00000000 00:00 0 
c0000000-c6000000 rw-p 00000000 00:00 0 
ca500000-eaa80000 rw-p 00000000 00:00 0 
eaa80000-100000000 rw-p 00000000 00:00 0 
7fbd5591f000-7fbd55922000 ---p 00000000 00:00 0 
7fbd55922000-7fbd55a20000 rw-p 00000000 00:00 0 
7fbd55a20000-7fbd55a23000 ---p 00000000 00:00 0 
7fbd55a23000-7fbd55b21000 rw-p 00000000 00:00 0 
7fbd55b21000-7fbd55b24000 ---p 00000000 00:00 0 
7fbd55b24000-7fbd55c22000 rw-p 00000000 00:00 0 
7fbd55c22000-7fbd55c25000 r-xp 00000000 fe:00 129719                     /lib/x86_64-linux-gnu/libgpg-error.so.0.8.0
7fbd55c25000-7fbd55e24000 ---p 00003000 fe:00 129719                     /lib/x86_64-linux-gnu/libgpg-error.so.0.8.0
7fbd55e24000-7fbd55e25000 rw-p 00002000 fe:00 129719                     /lib/x86_64-linux-gnu/libgpg-error.so.0.8.0
7fbd55e25000-7fbd55e69000 r-xp 00000000 fe:00 144559                     /lib/x86_64-linux-gnu/libdbus-1.so.3.7.2
7fbd55e69000-7fbd56069000 ---p 00044000 fe:00 144559                     /lib/x86_64-linux-gnu/libdbus-1.so.3.7.2
7fbd56069000-7fbd5606a000 r--p 00044000 fe:00 144559                     /lib/x86_64-linux-gnu/libdbus-1.so.3.7.2
7fbd5606a000-7fbd5606b000 rw-p 00045000 fe:00 144559                     /lib/x86_64-linux-gnu/libdbus-1.so.3.7.2
7fbd5606b000-7fbd5607c000 r-xp 00000000 fe:00 4543                       /usr/lib/x86_64-linux-gnu/libp11-kit.so.0.0.0
7fbd5607c000-7fbd5627b000 ---p 00011000 fe:00 4543                       /usr/lib/x86_64-linux-gnu/libp11-kit.so.0.0.0
7fbd5627b000-7fbd5627c000 r--p 00010000 fe:00 4543                       /usr/lib/x86_64-linux-gnu/libp11-kit.so.0.0.0
7fbd5627c000-7fbd5627d000 rw-p 00011000 fe:00 4543                       /usr/lib/x86_64-linux-gnu/libp11-kit.so.0.0.0
7fbd5627d000-7fbd562f7000 r-xp 00000000 fe:00 129722                     /lib/x86_64-linux-gnu/libgcrypt.so.11.7.0
7fbd562f7000-7fbd564f7000 ---p 0007a000 fe:00 129722                     /lib/x86_64-linux-gnu/libgcrypt.so.11.7.0
7fbd564f7000-7fbd564f8000 r--p 0007a000 fe:00 129722                     /lib/x86_64-linux-gnu/libgcrypt.so.11.7.0
7fbd564f8000-7fbd564fb000 rw-p 0007b000 fe:00 129722                     /lib/x86_64-linux-gnu/libgcrypt.so.11.7.0
7fbd564fb000-7fbd5650b000 r-xp 00000000 fe:00 4554                       /usr/lib/x86_64-linux-gnu/libtasn1.so.3.1.16
7fbd5650b000-7fbd5670a000 ---p 00010000 fe:00 4554                       /usr/lib/x86_64-linux-gnu/libtasn1.so.3.1.16
7fbd5670a000-7fbd5670b000 r--p 0000f000 fe:00 4554                       /usr/lib/x86_64-linux-gnu/libtasn1.so.3.1.16
7fbd5670b000-7fbd5670c000 rw-p 00010000 fe:00 4554                       /usr/lib/x86_64-linux-gnu/libtasn1.so.3.1.16
7fbd5670c000-7fbd5670f000 r-xp 00000000 fe:00 131879                     /lib/x86_64-linux-gnu/libkeyutils.so.1.4
7fbd5670f000-7fbd5690e000 ---p 00003000 fe:00 131879                     /lib/x86_64-linux-gnu/libkeyutils.so.1.4
7fbd5690e000-7fbd5690f000 r--p 00002000 fe:00 131879                     /lib/x86_64-linux-gnu/libkeyutils.so.1.4
7fbd5690f000-7fbd56910000 rw-p 00003000 fe:00 131879                     /lib/x86_64-linux-gnu/libkeyutils.so.1.4
7fbd56910000-7fbd56918000 r-xp 00000000 fe:00 2363                       /usr/lib/x86_64-linux-gnu/libkrb5support.so.0.1
7fbd56918000-7fbd56b17000 ---p 00008000 fe:00 2363                       /usr/lib/x86_64-linux-gnu/libkrb5support.so.0.1
7fbd56b17000-7fbd56b18000 r--p 00007000 fe:00 2363                       /usr/lib/x86_64-linux-gnu/libkrb5support.so.0.1
7fbd56b18000-7fbd56b19000 rw-p 00008000 fe:00 2363                       /usr/lib/x86_64-linux-gnu/libkrb5support.so.0.1
7fbd56b19000-7fbd56b1c000 r-xp 00000000 fe:00 129400                     /lib/x86_64-linux-gnu/libcom_err.so.2.1
7fbd56b1c000-7fbd56d1b000 ---p 00003000 fe:00 129400                     /lib/x86_64-linux-gnu/libcom_err.so.2.1
7fbd56d1b000-7fbd56d1c000 r--p 00002000 fe:00 129400                     /lib/x86_64-linux-gnu/libcom_err.so.2.1
7fbd56d1c000-7fbd56d1d000 rw-p 00003000 fe:00 129400                     /lib/x86_64-linux-gnu/libcom_err.so.2.1
7fbd56d1d000-7fbd56d43000 r-xp 00000000 fe:00 2373                       /usr/lib/x86_64-linux-gnu/libk5crypto.so.3.1
7fbd56d43000-7fbd56f43000 ---p 00026000 fe:00 2373                       /usr/lib/x86_64-linux-gnu/libk5crypto.so.3.1
7fbd56f43000-7fbd56f44000 r--p 00026000 fe:00 2373                       /usr/lib/x86_64-linux-gnu/libk5crypto.so.3.1
7fbd56f44000-7fbd56f45000 rw-p 00027000 fe:00 2373                       /usr/lib/x86_64-linux-gnu/libk5crypto.so.3.1
7fbd56f45000-7fbd56f46000 rw-p 00000000 00:00 0 
7fbd56f46000-7fbd5700f000 r-xp 00000000 fe:00 2382                       /usr/lib/x86_64-linux-gnu/libkrb5.so.3.3
7fbd5700f000-7fbd5720e000 ---p 000c9000 fe:00 2382                       /usr/lib/x86_64-linux-gnu/libkrb5.so.3.3
7fbd5720e000-7fbd57218000 r--p 000c8000 fe:00 2382                       /usr/lib/x86_64-linux-gnu/libkrb5.so.3.3
7fbd57218000-7fbd5721a000 rw-p 000d2000 fe:00 2382                       /usr/lib/x86_64-linux-gnu/libkrb5.so.3.3
7fbd5721a000-7fbd57241000 r-xp 00000000 fe:00 129313                     /lib/x86_64-linux-gnu/libexpat.so.1.6.0
7fbd57241000-7fbd57441000 ---p 00027000 fe:00 129313                     /lib/x86_64-linux-gnu/libexpat.so.1.6.0
7fbd57441000-7fbd57443000 r--p 00027000 fe:00 129313                     /lib/x86_64-linux-gnu/libexpat.so.1.6.0
7fbd57443000-7fbd57444000 rw-p 00029000 fe:00 129313                     /lib/x86_64-linux-gnu/libexpat.so.1.6.0
7fbd57444000-7fbd574dd000 r-xp 00000000 fe:00 18161                      /usr/lib/x86_64-linux-gnu/libfreetype.so.6.8.1
7fbd574dd000-7fbd576dc000 ---p 00099000 fe:00 18161                      /usr/lib/x86_64-linux-gnu/libfreetype.so.6.8.1
7fbd576dc000-7fbd576e2000 r--p 00098000 fe:00 18161                      /usr/lib/x86_64-linux-gnu/libfreetype.so.6.8.1
7fbd576e2000-7fbd576e3000 rw-p 0009e000 fe:00 18161                      /usr/lib/x86_64-linux-gnu/libfreetype.so.6.8.1
7fbd576e3000-7fbd576f3000 r-xp 00000000 fe:00 19925                      /usr/lib/x86_64-linux-gnu/libavahi-client.so.3.2.9
7fbd576f3000-7fbd578f2000 ---p 00010000 fe:00 19925                      /usr/lib/x86_64-linux-gnu/libavahi-client.so.3.2.9
7fbd578f2000-7fbd578f3000 r--p 0000f000 fe:00 19925                      /usr/lib/x86_64-linux-gnu/libavahi-client.so.3.2.9
7fbd578f3000-7fbd578f4000 rw-p 00010000 fe:00 19925                      /usr/lib/x86_64-linux-gnu/libavahi-client.so.3.2.9
7fbd578f4000-7fbd57900000 r-xp 00000000 fe:00 19922                      /usr/lib/x86_64-linux-gnu/libavahi-common.so.3.5.3
7fbd57900000-7fbd57aff000 ---p 0000c000 fe:00 19922                      /usr/lib/x86_64-linux-gnu/libavahi-common.so.3.5.3
7fbd57aff000-7fbd57b00000 r--p 0000b000 fe:00 19922                      /usr/lib/x86_64-linux-gnu/libavahi-common.so.3.5.3
7fbd57b00000-7fbd57b01000 rw-p 0000c000 fe:00 19922                      /usr/lib/x86_64-linux-gnu/libavahi-common.so.3.5.3
7fbd57b01000-7fbd57bba000 r-xp 00000000 fe:00 4578                       /usr/lib/x86_64-linux-gnu/libgnutls.so.26.22.4
7fbd57bba000-7fbd57db9000 ---p 000b9000 fe:00 4578                       /usr/lib/x86_64-linux-gnu/libgnutls.so.26.22.4
7fbd57db9000-7fbd57dbf000 r--p 000b8000 fe:00 4578                       /usr/lib/x86_64-linux-gnu/libgnutls.so.26.22.4
7fbd57dbf000-7fbd57dc1000 rw-p 000be000 fe:00 4578                       /usr/lib/x86_64-linux-gnu/libgnutls.so.26.22.4
7fbd57dc1000-7fbd57dfd000 r-xp 00000000 fe:00 2400                       /usr/lib/x86_64-linux-gnu/libgssapi_krb5.so.2.2
7fbd57dfd000-7fbd57ffd000 ---p 0003c000 fe:00 2400                       /usr/lib/x86_64-linux-gnu/libgssapi_krb5.so.2.2
7fbd57ffd000-7fbd57ffe000 r--p 0003c000 fe:00 2400                       /usr/lib/x86_64-linux-gnu/libgssapi_krb5.so.2.2
7fbd57ffe000-7fbd58000000 rw-p 0003d000 fe:00 2400                       /usr/lib/x86_64-linux-gnu/libgssapi_krb5.so.2.2
7fbd58000000-7fbd5a473000 rw-p 00000000 00:00 0 
7fbd5a473000-7fbd5c000000 ---p 00000000 00:00 0 
7fbd5c050000-7fbd5c085000 r-xp 00000000 fe:00 19952                      /usr/lib/x86_64-linux-gnu/libfontconfig.so.1.5.0
7fbd5c085000-7fbd5c285000 ---p 00035000 fe:00 19952                      /usr/lib/x86_64-linux-gnu/libfontconfig.so.1.5.0
7fbd5c285000-7fbd5c286000 r--p 00035000 fe:00 19952                      /usr/lib/x86_64-linux-gnu/libfontconfig.so.1.5.0
7fbd5c286000-7fbd5c287000 rw-p 00036000 fe:00 19952                      /usr/lib/x86_64-linux-gnu/libfontconfig.so.1.5.0
7fbd5c287000-7fbd5c2da000 r-xp 00000000 fe:00 20902                      /usr/lib/x86_64-linux-gnu/libcups.so.2
7fbd5c2da000-7fbd5c4d9000 ---p 00053000 fe:00 20902                      /usr/lib/x86_64-linux-gnu/libcups.so.2
7fbd5c4d9000-7fbd5c4de000 r--p 00052000 fe:00 20902                      /usr/lib/x86_64-linux-gnu/libcups.so.2
7fbd5c4de000-7fbd5c4df000 rw-p 00057000 fe:00 20902                      /usr/lib/x86_64-linux-gnu/libcups.so.2
7fbd5c4ec000-7fbd5c4f2000 r-xp 00000000 fe:00 273817                     /usr/lib/jvm/java-7-openjdk-amd64/jre/lib/amd64/headless/libmawt.so
7fbd5c4f2000-7fbd5c6f2000 ---p 00006000 fe:00 273817                     /usr/lib/jvm/java-7-openjdk-amd64/jre/lib/amd64/headless/libmawt.so
7fbd5c6f2000-7fbd5c6f3000 r--p 00006000 fe:00 273817                     /usr/lib/jvm/java-7-openjdk-amd64/jre/lib/amd64/headless/libmawt.so
7fbd5c6f3000-7fbd5c6f4000 rw-p 00007000 fe:00 273817                     /usr/lib/jvm/java-7-openjdk-amd64/jre/lib/amd64/headless/libmawt.so
7fbd5c6f4000-7fbd5c795000 r-xp 00000000 fe:00 273835                     /usr/lib/jvm/java-7-openjdk-amd64/jre/lib/amd64/libawt.so
7fbd5c795000-7fbd5c994000 ---p 000a1000 fe:00 273835                     /usr/lib/jvm/java-7-openjdk-amd64/jre/lib/amd64/libawt.so
7fbd5c994000-7fbd5c995000 r--p 000a0000 fe:00 273835                     /usr/lib/jvm/java-7-openjdk-amd64/jre/lib/amd64/libawt.so
7fbd5c995000-7fbd5c9a0000 rw-p 000a1000 fe:00 273835                     /usr/lib/jvm/java-7-openjdk-amd64/jre/lib/amd64/libawt.so
7fbd5c9a0000-7fbd5c9c5000 rw-p 00000000 00:00 0 
7fbd5c9c5000-7fbd5c9c8000 ---p 00000000 00:00 0 
7fbd5c9c8000-7fbd5cac6000 rw-p 00000000 00:00 0 
7fbd5cac6000-7fbd5cac9000 ---p 00000000 00:00 0 
7fbd5cac9000-7fbd5cbc7000 rw-p 00000000 00:00 0 
7fbd5cbc7000-7fbd5cbca000 ---p 00000000 00:00 0 
7fbd5cbca000-7fbd5cc00000 rw-p 00000000 00:00 0 
7fbd5cc00000-7fbd5cc0d000 r--s 00107000 fe:00 145373                     /usr/lib/jvm/java-7-openjdk-amd64/jre/lib/rhino.jar
7fbd5cc0d000-7fbd5cc16000 r--s 000b9000 fe:00 145377                     /usr/lib/jvm/java-7-openjdk-amd64/jre/lib/resources.jar
7fbd5cc16000-7fbd5cc34000 r--s 001bd000 fe:00 152229                     /usr/local/bin/Sencha/Cmd/4.0.4.84/extensions/sencha-compass/lib/ant-1.8.4.jar
7fbd5cc34000-7fbd5cc70000 r-xp 00000000 fe:00 131911                     /lib/x86_64-linux-gnu/libpcre.so.3.13.1
7fbd5cc70000-7fbd5ce70000 ---p 0003c000 fe:00 131911                     /lib/x86_64-linux-gnu/libpcre.so.3.13.1
7fbd5ce70000-7fbd5ce71000 rw-p 0003c000 fe:00 131911                     /lib/x86_64-linux-gnu/libpcre.so.3.13.1
7fbd5ce71000-7fbd5ce7d000 r-xp 00000000 fe:00 18290                      /usr/lib/x86_64-linux-gnu/libffi.so.5.0.10
7fbd5ce7d000-7fbd5d07d000 ---p 0000c000 fe:00 18290                      /usr/lib/x86_64-linux-gnu/libffi.so.5.0.10
7fbd5d07d000-7fbd5d07e000 rw-p 0000c000 fe:00 18290                      /usr/lib/x86_64-linux-gnu/libffi.so.5.0.10
7fbd5d07e000-7fbd5d07f000 r-xp 00000000 fe:00 19708                      /usr/lib/x86_64-linux-gnu/libgthread-2.0.so.0.3200.4
7fbd5d07f000-7fbd5d27e000 ---p 00001000 fe:00 19708                      /usr/lib/x86_64-linux-gnu/libgthread-2.0.so.0.3200.4
7fbd5d27e000-7fbd5d27f000 r--p 00000000 fe:00 19708                      /usr/lib/x86_64-linux-gnu/libgthread-2.0.so.0.3200.4
7fbd5d27f000-7fbd5d280000 rw-p 00001000 fe:00 19708                      /usr/lib/x86_64-linux-gnu/libgthread-2.0.so.0.3200.4
7fbd5d280000-7fbd5d293000 r-xp 00000000 fe:00 135368                     /lib/x86_64-linux-gnu/libresolv-2.13.so
7fbd5d293000-7fbd5d492000 ---p 00013000 fe:00 135368                     /lib/x86_64-linux-gnu/libresolv-2.13.so
7fbd5d492000-7fbd5d493000 r--p 00012000 fe:00 135368                     /lib/x86_64-linux-gnu/libresolv-2.13.so
7fbd5d493000-7fbd5d494000 rw-p 00013000 fe:00 135368                     /lib/x86_64-linux-gnu/libresolv-2.13.so
7fbd5d494000-7fbd5d496000 rw-p 00000000 00:00 0 
7fbd5d496000-7fbd5d4b4000 r-xp 00000000 fe:00 129349                     /lib/x86_64-linux-gnu/libselinux.so.1
7fbd5d4b4000-7fbd5d6b3000 ---p 0001e000 fe:00 129349                     /lib/x86_64-linux-gnu/libselinux.so.1
7fbd5d6b3000-7fbd5d6b4000 r--p 0001d000 fe:00 129349                     /lib/x86_64-linux-gnu/libselinux.so.1
7fbd5d6b4000-7fbd5d6b5000 rw-p 0001e000 fe:00 129349                     /lib/x86_64-linux-gnu/libselinux.so.1
7fbd5d6b5000-7fbd5d6b6000 rw-p 00000000 00:00 0 
7fbd5d6b6000-7fbd5d6b9000 r-xp 00000000 fe:00 19709                      /usr/lib/x86_64-linux-gnu/libgmodule-2.0.so.0.3200.4
7fbd5d6b9000-7fbd5d8b8000 ---p 00003000 fe:00 19709                      /usr/lib/x86_64-linux-gnu/libgmodule-2.0.so.0.3200.4
7fbd5d8b8000-7fbd5d8b9000 r--p 00002000 fe:00 19709                      /usr/lib/x86_64-linux-gnu/libgmodule-2.0.so.0.3200.4
7fbd5d8b9000-7fbd5d8ba000 rw-p 00003000 fe:00 19709                      /usr/lib/x86_64-linux-gnu/libgmodule-2.0.so.0.3200.4
7fbd5d8ba000-7fbd5d9af000 r-xp 00000000 fe:00 144508                     /lib/x86_64-linux-gnu/libglib-2.0.so.0.3200.4
7fbd5d9af000-7fbd5dbaf000 ---p 000f5000 fe:00 144508                     /lib/x86_64-linux-gnu/libglib-2.0.so.0.3200.4
7fbd5dbaf000-7fbd5dbb0000 r--p 000f5000 fe:00 144508                     /lib/x86_64-linux-gnu/libglib-2.0.so.0.3200.4
7fbd5dbb0000-7fbd5dbb1000 rw-p 000f6000 fe:00 144508                     /lib/x86_64-linux-gnu/libglib-2.0.so.0.3200.4
7fbd5dbb1000-7fbd5dbb2000 rw-p 00000000 00:00 0 
7fbd5dbb2000-7fbd5dc00000 r-xp 00000000 fe:00 19707                      /usr/lib/x86_64-linux-gnu/libgobject-2.0.so.0.3200.4
7fbd5dc00000-7fbd5de00000 ---p 0004e000 fe:00 19707                      /usr/lib/x86_64-linux-gnu/libgobject-2.0.so.0.3200.4
7fbd5de00000-7fbd5de01000 r--p 0004e000 fe:00 19707                      /usr/lib/x86_64-linux-gnu/libgobject-2.0.so.0.3200.4
7fbd5de01000-7fbd5de02000 rw-p 0004f000 fe:00 19707                      /usr/lib/x86_64-linux-gnu/libgobject-2.0.so.0.3200.4
7fbd5de02000-7fbd5df4e000 r-xp 00000000 fe:00 19712                      /usr/lib/x86_64-linux-gnu/libgio-2.0.so.0.3200.4
7fbd5df4e000-7fbd5e14d000 ---p 0014c000 fe:00 19712                      /usr/lib/x86_64-linux-gnu/libgio-2.0.so.0.3200.4
7fbd5e14d000-7fbd5e151000 r--p 0014b000 fe:00 19712                      /usr/lib/x86_64-linux-gnu/libgio-2.0.so.0.3200.4
7fbd5e151000-7fbd5e153000 rw-p 0014f000 fe:00 19712                      /usr/lib/x86_64-linux-gnu/libgio-2.0.so.0.3200.4
7fbd5e153000-7fbd5e155000 rw-p 00000000 00:00 0 
7fbd5e15c000-7fbd5e15d000 rw-p 00000000 00:00 0 
7fbd5e15d000-7fbd5e15e000 r--s 00004000 fe:00 151773                     /usr/local/bin/Sencha/Cmd/4.0.4.84/extensions/sencha-compass/lib/ant-launcher-1.8.4.jar
7fbd5e15e000-7fbd5e160000 r--s 00005000 fe:00 151772                     /usr/local/bin/Sencha/Cmd/4.0.4.84/extensions/sencha-compass/lib/slf4j-api-1.6.6.jar
7fbd5e160000-7fbd5e162000 r--s 00004000 fe:00 151766                     /usr/local/bin/Sencha/Cmd/4.0.4.84/extensions/sencha-compass/sencha-compass.jar
7fbd5e162000-7fbd5e179000 r-xp 00000000 fe:00 273831                     /usr/lib/jvm/java-7-openjdk-amd64/jre/lib/amd64/libnet.so
7fbd5e179000-7fbd5e378000 ---p 00017000 fe:00 273831                     /usr/lib/jvm/java-7-openjdk-amd64/jre/lib/amd64/libnet.so
7fbd5e378000-7fbd5e379000 r--p 00016000 fe:00 273831                     /usr/lib/jvm/java-7-openjdk-amd64/jre/lib/amd64/libnet.so
7fbd5e379000-7fbd5e37a000 rw-p 00017000 fe:00 273831                     /usr/lib/jvm/java-7-openjdk-amd64/jre/lib/amd64/libnet.so
7fbd5e37a000-7fbd5e38a000 r-xp 00000000 fe:00 273815                     /usr/lib/jvm/java-7-openjdk-amd64/jre/lib/amd64/libnio.so
7fbd5e38a000-7fbd5e58a000 ---p 00010000 fe:00 273815                     /usr/lib/jvm/java-7-openjdk-amd64/jre/lib/amd64/libnio.so
7fbd5e58a000-7fbd5e58b000 r--p 00010000 fe:00 273815                     /usr/lib/jvm/java-7-openjdk-amd64/jre/lib/amd64/libnio.so
7fbd5e58b000-7fbd5e58c000 rw-p 00011000 fe:00 273815                     /usr/lib/jvm/java-7-openjdk-amd64/jre/lib/amd64/libnio.so
7fbd5e58c000-7fbd5e58d000 r-xp 00000000 fe:00 154340                     /tmp/libjansi-64-1.9.so
7fbd5e58d000-7fbd5e78c000 ---p 00001000 fe:00 154340                     /tmp/libjansi-64-1.9.so
7fbd5e78c000-7fbd5e78d000 rw-p 00000000 fe:00 154340                     /tmp/libjansi-64-1.9.so
7fbd5e78d000-7fbd5e7b3000 r--s 00163000 fe:00 152237                     /usr/local/bin/Sencha/Cmd/4.0.4.84/lib/phloc-commons-4.0.1.jar
7fbd5e7b3000-7fbd5e7b8000 r--s 00054000 fe:00 152234                     /usr/local/bin/Sencha/Cmd/4.0.4.84/lib/phloc-css-3.4.0.jar
7fbd5e7b8000-7fbd5e7bd000 r--s 00040000 fe:00 152231                     /usr/local/bin/Sencha/Cmd/4.0.4.84/lib/jetty-util-8.1.7.v20120910.jar
7fbd5e7bd000-7fbd5e7bf000 r--s 00014000 fe:00 152067                     /usr/local/bin/Sencha/Cmd/4.0.4.84/lib/jetty-client-8.1.7.v20120910.jar
7fbd5e7bf000-7fbd5e7c1000 r--s 00014000 fe:00 152070                     /usr/local/bin/Sencha/Cmd/4.0.4.84/lib/jetty-servlets-8.1.7.v20120910.jar
7fbd5e7c1000-7fbd5e7c4000 r--s 00013000 fe:00 152060                     /usr/local/bin/Sencha/Cmd/4.0.4.84/lib/jetty-security-8.1.7.v20120910.jar
7fbd5e7c4000-7fbd5e7c6000 r--s 00016000 fe:00 152062                     /usr/local/bin/Sencha/Cmd/4.0.4.84/lib/jetty-servlet-8.1.7.v20120910.jar
7fbd5e7c6000-7fbd5e7c7000 r--s 00009000 fe:00 152065                     /usr/local/bin/Sencha/Cmd/4.0.4.84/lib/jetty-xml-8.1.7.v20120910.jar
7fbd5e7c7000-7fbd5e7ca000 r--s 00018000 fe:00 152071                     /usr/local/bin/Sencha/Cmd/4.0.4.84/lib/jetty-webapp-8.1.7.v20120910.jar
7fbd5e7ca000-7fbd5e7cd000 r--s 00017000 fe:00 152056                     /usr/local/bin/Sencha/Cmd/4.0.4.84/lib/jetty-io-8.1.7.v20120910.jar
7fbd5e7cd000-7fbd5e7cf000 r--s 00015000 fe:00 152061                     /usr/local/bin/Sencha/Cmd/4.0.4.84/lib/jetty-http-8.1.7.v20120910.jar
7fbd5e7cf000-7fbd5e7d1000 r--s 00004000 fe:00 152112                     /usr/local/bin/Sencha/Cmd/4.0.4.84/lib/jetty-continuation-8.1.7.v20120910.jar
7fbd5e7d1000-7fbd5e7d4000 r--s 0002e000 fe:00 152064                     /usr/local/bin/Sencha/Cmd/4.0.4.84/lib/javax.servlet-3.0.0.v201112011016.jar
7fbd5e7d4000-7fbd5e7da000 r--s 0004d000 fe:00 152239                     /usr/local/bin/Sencha/Cmd/4.0.4.84/lib/jetty-server-8.1.7.v20120910.jar
7fbd5e7da000-7fbd5e7dd000 r--s 00019000 fe:00 152059                     /usr/local/bin/Sencha/Cmd/4.0.4.84/lib/jarjar-1.1.jar
7fbd5e7dd000-7fbd5e7e0000 r--s 00006000 fe:00 152057                     /usr/local/bin/Sencha/Cmd/4.0.4.84/lib/jsr305-1.3.9.jar
7fbd5e7e0000-7fbd5e7e2000 r--s 0000a000 fe:00 152055                     /usr/local/bin/Sencha/Cmd/4.0.4.84/lib/json-20090211.jar
7fbd5e7e2000-7fbd5e7e8000 r--s 00068000 fe:00 152238                     /usr/local/bin/Sencha/Cmd/4.0.4.84/lib/protobuf-java-2.4.1.jar
7fbd5e7e8000-7fbd5e7ea000 r--s 0000c000 fe:00 152054                     /usr/local/bin/Sencha/Cmd/4.0.4.84/lib/args4j-2.0.16.jar
7fbd5e7ea000-7fbd5e81c000 r--s 0031c000 fe:00 152242                     /usr/local/bin/Sencha/Cmd/4.0.4.84/lib/closure-compiler-r2388.jar
7fbd5e81c000-7fbd5e845000 r--s 001ee000 fe:00 152236                     /usr/local/bin/Sencha/Cmd/4.0.4.84/lib/guava-14.0.jar
7fbd5e845000-7fbd5e847000 r--s 0001a000 fe:00 152066                     /usr/local/bin/Sencha/Cmd/4.0.4.84/lib/jansi-1.9.jar
7fbd5e847000-7fbd5e84b000 r--s 0002a000 fe:00 152058                     /usr/local/bin/Sencha/Cmd/4.0.4.84/lib/commons-io-2.4.jar
7fbd5e84b000-7fbd5e856000 r--s 000a4000 fe:00 152235                     /usr/local/bin/Sencha/Cmd/4.0.4.84/lib/ant-1.5.jar
7fbd5e856000-7fbd5e85b000 r--s 00032000 fe:00 152069                     /usr/local/bin/Sencha/Cmd/4.0.4.84/lib/ant-contrib-1.0b3.jar
7fbd5e85b000-7fbd5e865000 r--s 000d0000 fe:00 152232                     /usr/local/bin/Sencha/Cmd/4.0.4.84/lib/yuicompressor-2.4.7.jar
7fbd5e865000-7fbd5e869000 r--s 0003c000 fe:00 152063                     /usr/local/bin/Sencha/Cmd/4.0.4.84/lib/commons-lang-2.4.jar
7fbd5e869000-7fbd5e877000 r--s 0007f000 fe:00 152230                     /usr/local/bin/Sencha/Cmd/4.0.4.84/lib/commons-collections-3.2.1.jar
7fbd5e877000-7fbd5e87f000 r--s 00066000 fe:00 152233                     /usr/local/bin/Sencha/Cmd/4.0.4.84/lib/velocity-1.7.jar
7fbd5e87f000-7fbd5e884000 r--s 0002a000 fe:00 152068                     /usr/local/bin/Sencha/Cmd/4.0.4.84/lib/gson-2.2.1.jar
7fbd5e884000-7fbd5e886000 r--s 00001000 fe:00 152109                     /usr/local/bin/Sencha/Cmd/4.0.4.84/lib/slf4j-jdk14-1.6.6.jar
7fbd5e886000-7fbd5e888000 r--s 00005000 fe:00 152110                     /usr/local/bin/Sencha/Cmd/4.0.4.84/lib/slf4j-api-1.6.6.jar
7fbd5e888000-7fbd5e8a6000 r--s 001bd000 fe:00 152241                     /usr/local/bin/Sencha/Cmd/4.0.4.84/lib/ant-1.8.4.jar
7fbd5e8a6000-7fbd5e8b3000 r--s 00109000 fe:00 152240                     /usr/local/bin/Sencha/Cmd/4.0.4.84/lib/rhino-1.7R4.jar
7fbd5e8b3000-7fbd5e8b8000 r--s 0004c000 fe:00 145362                     /usr/lib/jvm/java-7-openjdk-amd64/jre/lib/jsse.jar
7fbd5e8b8000-7fbd5e8d8000 r--s 0018c000 fe:00 152226                     /usr/local/bin/Sencha/Cmd/4.0.4.84/sencha.jar
7fbd5e8d8000-7fbd5e8d9000 ---p 00000000 00:00 0 
7fbd5e8d9000-7fbd5e9d9000 rw-p 00000000 00:00 0 
7fbd5e9d9000-7fbd5e9dc000 ---p 00000000 00:00 0 
7fbd5e9dc000-7fbd5eada000 rw-p 00000000 00:00 0 
7fbd5eada000-7fbd5eadd000 ---p 00000000 00:00 0 
7fbd5eadd000-7fbd5ebdb000 rw-p 00000000 00:00 0 
7fbd5ebdb000-7fbd5ebde000 ---p 00000000 00:00 0 
7fbd5ebde000-7fbd5ecdc000 rw-p 00000000 00:00 0 
7fbd5ecdc000-7fbd5ecdf000 ---p 00000000 00:00 0 
7fbd5ecdf000-7fbd5eddd000 rw-p 00000000 00:00 0 
7fbd5eddd000-7fbd5ef54000 r--p 00000000 fe:00 719                        /usr/lib/locale/locale-archive
7fbd5ef54000-7fbd5ef57000 ---p 00000000 00:00 0 
7fbd5ef57000-7fbd5f055000 rw-p 00000000 00:00 0 
7fbd5f055000-7fbd5f058000 ---p 00000000 00:00 0 
7fbd5f058000-7fbd5f156000 rw-p 00000000 00:00 0 
7fbd5f156000-7fbd5f157000 ---p 00000000 00:00 0 
7fbd5f157000-7fbd5fba9000 rw-p 00000000 00:00 0 
7fbd5fba9000-7fbd5fd57000 r--s 01cfc000 fe:00 145363                     /usr/lib/jvm/java-7-openjdk-amd64/jre/lib/rt.jar
7fbd5fd57000-7fbd625ab000 rw-p 00000000 00:00 0 
7fbd625ab000-7fbd625ac000 ---p 00000000 00:00 0 
7fbd625ac000-7fbd626ac000 rw-p 00000000 00:00 0 
7fbd626ac000-7fbd626ad000 ---p 00000000 00:00 0 
7fbd626ad000-7fbd627b8000 rw-p 00000000 00:00 0 
7fbd627b8000-7fbd62800000 rw-p 00000000 00:00 0 
7fbd62800000-7fbd62830000 rw-p 00000000 00:00 0 
7fbd62830000-7fbd62956000 rw-p 00000000 00:00 0 
7fbd62956000-7fbd62961000 rw-p 00000000 00:00 0 
7fbd62961000-7fbd629a9000 rw-p 00000000 00:00 0 
7fbd629a9000-7fbd629d9000 rw-p 00000000 00:00 0 
7fbd629d9000-7fbd62afe000 rw-p 00000000 00:00 0 
7fbd62afe000-7fbd62ba9000 rw-p 00000000 00:00 0 
7fbd62ba9000-7fbd62baa000 rw-p 00000000 00:00 0 
7fbd62baa000-7fbd62f8a000 rwxp 00000000 00:00 0 
7fbd62f8a000-7fbd65baa000 rw-p 00000000 00:00 0 
7fbd65baa000-7fbd65bb2000 r-xp 00000000 fe:00 273827                     /usr/lib/jvm/java-7-openjdk-amd64/jre/lib/amd64/libzip.so
7fbd65bb2000-7fbd65db1000 ---p 00008000 fe:00 273827                     /usr/lib/jvm/java-7-openjdk-amd64/jre/lib/amd64/libzip.so
7fbd65db1000-7fbd65db2000 r--p 00007000 fe:00 273827                     /usr/lib/jvm/java-7-openjdk-amd64/jre/lib/amd64/libzip.so
7fbd65db2000-7fbd65db3000 rw-p 00008000 fe:00 273827                     /usr/lib/jvm/java-7-openjdk-amd64/jre/lib/amd64/libzip.so
7fbd65db3000-7fbd65dbe000 r-xp 00000000 fe:00 135362                     /lib/x86_64-linux-gnu/libnss_files-2.13.so
7fbd65dbe000-7fbd65fbd000 ---p 0000b000 fe:00 135362                     /lib/x86_64-linux-gnu/libnss_files-2.13.so
7fbd65fbd000-7fbd65fbe000 r--p 0000a000 fe:00 135362                     /lib/x86_64-linux-gnu/libnss_files-2.13.so
7fbd65fbe000-7fbd65fbf000 rw-p 0000b000 fe:00 135362                     /lib/x86_64-linux-gnu/libnss_files-2.13.so
7fbd65fbf000-7fbd65fc9000 r-xp 00000000 fe:00 135364                     /lib/x86_64-linux-gnu/libnss_nis-2.13.so
7fbd65fc9000-7fbd661c8000 ---p 0000a000 fe:00 135364                     /lib/x86_64-linux-gnu/libnss_nis-2.13.so
7fbd661c8000-7fbd661c9000 r--p 00009000 fe:00 135364                     /lib/x86_64-linux-gnu/libnss_nis-2.13.so
7fbd661c9000-7fbd661ca000 rw-p 0000a000 fe:00 135364                     /lib/x86_64-linux-gnu/libnss_nis-2.13.so
7fbd661ca000-7fbd661df000 r-xp 00000000 fe:00 135359                     /lib/x86_64-linux-gnu/libnsl-2.13.so
7fbd661df000-7fbd663de000 ---p 00015000 fe:00 135359                     /lib/x86_64-linux-gnu/libnsl-2.13.so
7fbd663de000-7fbd663df000 r--p 00014000 fe:00 135359                     /lib/x86_64-linux-gnu/libnsl-2.13.so
7fbd663df000-7fbd663e0000 rw-p 00015000 fe:00 135359                     /lib/x86_64-linux-gnu/libnsl-2.13.so
7fbd663e0000-7fbd663e2000 rw-p 00000000 00:00 0 
7fbd663e2000-7fbd663e9000 r-xp 00000000 fe:00 135360                     /lib/x86_64-linux-gnu/libnss_compat-2.13.so
7fbd663e9000-7fbd665e8000 ---p 00007000 fe:00 135360                     /lib/x86_64-linux-gnu/libnss_compat-2.13.so
7fbd665e8000-7fbd665e9000 r--p 00006000 fe:00 135360                     /lib/x86_64-linux-gnu/libnss_compat-2.13.so
7fbd665e9000-7fbd665ea000 rw-p 00007000 fe:00 135360                     /lib/x86_64-linux-gnu/libnss_compat-2.13.so
7fbd665ea000-7fbd66615000 r-xp 00000000 fe:00 273832                     /usr/lib/jvm/java-7-openjdk-amd64/jre/lib/amd64/libjava.so
7fbd66615000-7fbd66814000 ---p 0002b000 fe:00 273832                     /usr/lib/jvm/java-7-openjdk-amd64/jre/lib/amd64/libjava.so
7fbd66814000-7fbd66815000 r--p 0002a000 fe:00 273832                     /usr/lib/jvm/java-7-openjdk-amd64/jre/lib/amd64/libjava.so
7fbd66815000-7fbd66817000 rw-p 0002b000 fe:00 273832                     /usr/lib/jvm/java-7-openjdk-amd64/jre/lib/amd64/libjava.so
7fbd66817000-7fbd66826000 r-xp 00000000 fe:00 273833                     /usr/lib/jvm/java-7-openjdk-amd64/jre/lib/amd64/libverify.so
7fbd66826000-7fbd66a25000 ---p 0000f000 fe:00 273833                     /usr/lib/jvm/java-7-openjdk-amd64/jre/lib/amd64/libverify.so
7fbd66a25000-7fbd66a27000 r--p 0000e000 fe:00 273833                     /usr/lib/jvm/java-7-openjdk-amd64/jre/lib/amd64/libverify.so
7fbd66a27000-7fbd66a28000 rw-p 00010000 fe:00 273833                     /usr/lib/jvm/java-7-openjdk-amd64/jre/lib/amd64/libverify.so
7fbd66a28000-7fbd66a2f000 r-xp 00000000 fe:00 135369                     /lib/x86_64-linux-gnu/librt-2.13.so
7fbd66a2f000-7fbd66c2e000 ---p 00007000 fe:00 135369                     /lib/x86_64-linux-gnu/librt-2.13.so
7fbd66c2e000-7fbd66c2f000 r--p 00006000 fe:00 135369                     /lib/x86_64-linux-gnu/librt-2.13.so
7fbd66c2f000-7fbd66c30000 rw-p 00007000 fe:00 135369                     /lib/x86_64-linux-gnu/librt-2.13.so
7fbd66c30000-7fbd66c45000 r-xp 00000000 fe:00 129288                     /lib/x86_64-linux-gnu/libgcc_s.so.1
7fbd66c45000-7fbd66e45000 ---p 00015000 fe:00 129288                     /lib/x86_64-linux-gnu/libgcc_s.so.1
7fbd66e45000-7fbd66e46000 rw-p 00015000 fe:00 129288                     /lib/x86_64-linux-gnu/libgcc_s.so.1
7fbd66e46000-7fbd66ec7000 r-xp 00000000 fe:00 135357                     /lib/x86_64-linux-gnu/libm-2.13.so
7fbd66ec7000-7fbd670c6000 ---p 00081000 fe:00 135357                     /lib/x86_64-linux-gnu/libm-2.13.so
7fbd670c6000-7fbd670c7000 r--p 00080000 fe:00 135357                     /lib/x86_64-linux-gnu/libm-2.13.so
7fbd670c7000-7fbd670c8000 rw-p 00081000 fe:00 135357                     /lib/x86_64-linux-gnu/libm-2.13.so
7fbd670c8000-7fbd671b0000 r-xp 00000000 fe:00 4038                       /usr/lib/x86_64-linux-gnu/libstdc++.so.6.0.17
7fbd671b0000-7fbd673b0000 ---p 000e8000 fe:00 4038                       /usr/lib/x86_64-linux-gnu/libstdc++.so.6.0.17
7fbd673b0000-7fbd673b8000 r--p 000e8000 fe:00 4038                       /usr/lib/x86_64-linux-gnu/libstdc++.so.6.0.17
7fbd673b8000-7fbd673ba000 rw-p 000f0000 fe:00 4038                       /usr/lib/x86_64-linux-gnu/libstdc++.so.6.0.17
7fbd673ba000-7fbd673cf000 rw-p 00000000 00:00 0 
7fbd673cf000-7fbd67e98000 r-xp 00000000 fe:00 273821                     /usr/lib/jvm/java-7-openjdk-amd64/jre/lib/amd64/server/libjvm.so
7fbd67e98000-7fbd68098000 ---p 00ac9000 fe:00 273821                     /usr/lib/jvm/java-7-openjdk-amd64/jre/lib/amd64/server/libjvm.so
7fbd68098000-7fbd68130000 r--p 00ac9000 fe:00 273821                     /usr/lib/jvm/java-7-openjdk-amd64/jre/lib/amd64/server/libjvm.so
7fbd68130000-7fbd68153000 rw-p 00b61000 fe:00 273821                     /usr/lib/jvm/java-7-openjdk-amd64/jre/lib/amd64/server/libjvm.so
7fbd68153000-7fbd68180000 rw-p 00000000 00:00 0 
7fbd68180000-7fbd68196000 r-xp 00000000 fe:00 129531                     /lib/x86_64-linux-gnu/libz.so.1.2.7
7fbd68196000-7fbd68395000 ---p 00016000 fe:00 129531                     /lib/x86_64-linux-gnu/libz.so.1.2.7
7fbd68395000-7fbd68396000 r--p 00015000 fe:00 129531                     /lib/x86_64-linux-gnu/libz.so.1.2.7
7fbd68396000-7fbd68397000 rw-p 00016000 fe:00 129531                     /lib/x86_64-linux-gnu/libz.so.1.2.7
7fbd68397000-7fbd68519000 r-xp 00000000 fe:00 135353                     /lib/x86_64-linux-gnu/libc-2.13.so
7fbd68519000-7fbd68718000 ---p 00182000 fe:00 135353                     /lib/x86_64-linux-gnu/libc-2.13.so
7fbd68718000-7fbd6871c000 r--p 00181000 fe:00 135353                     /lib/x86_64-linux-gnu/libc-2.13.so
7fbd6871c000-7fbd6871d000 rw-p 00185000 fe:00 135353                     /lib/x86_64-linux-gnu/libc-2.13.so
7fbd6871d000-7fbd68722000 rw-p 00000000 00:00 0 
7fbd68722000-7fbd68724000 r-xp 00000000 fe:00 135356                     /lib/x86_64-linux-gnu/libdl-2.13.so
7fbd68724000-7fbd68924000 ---p 00002000 fe:00 135356                     /lib/x86_64-linux-gnu/libdl-2.13.so
7fbd68924000-7fbd68925000 r--p 00002000 fe:00 135356                     /lib/x86_64-linux-gnu/libdl-2.13.so
7fbd68925000-7fbd68926000 rw-p 00003000 fe:00 135356                     /lib/x86_64-linux-gnu/libdl-2.13.so
7fbd68926000-7fbd68933000 r-xp 00000000 fe:00 273824                     /usr/lib/jvm/java-7-openjdk-amd64/jre/lib/amd64/jli/libjli.so
7fbd68933000-7fbd68b32000 ---p 0000d000 fe:00 273824                     /usr/lib/jvm/java-7-openjdk-amd64/jre/lib/amd64/jli/libjli.so
7fbd68b32000-7fbd68b33000 r--p 0000c000 fe:00 273824                     /usr/lib/jvm/java-7-openjdk-amd64/jre/lib/amd64/jli/libjli.so
7fbd68b33000-7fbd68b34000 rw-p 0000d000 fe:00 273824                     /usr/lib/jvm/java-7-openjdk-amd64/jre/lib/amd64/jli/libjli.so
7fbd68b34000-7fbd68b4b000 r-xp 00000000 fe:00 135367                     /lib/x86_64-linux-gnu/libpthread-2.13.so
7fbd68b4b000-7fbd68d4a000 ---p 00017000 fe:00 135367                     /lib/x86_64-linux-gnu/libpthread-2.13.so
7fbd68d4a000-7fbd68d4b000 r--p 00016000 fe:00 135367                     /lib/x86_64-linux-gnu/libpthread-2.13.so
7fbd68d4b000-7fbd68d4c000 rw-p 00017000 fe:00 135367                     /lib/x86_64-linux-gnu/libpthread-2.13.so
7fbd68d4c000-7fbd68d50000 rw-p 00000000 00:00 0 
7fbd68d50000-7fbd68d70000 r-xp 00000000 fe:00 131123                     /lib/x86_64-linux-gnu/ld-2.13.so
7fbd68d70000-7fbd68d71000 r--s 00004000 fe:00 152111                     /usr/local/bin/Sencha/Cmd/4.0.4.84/lib/ant-launcher-1.8.4.jar
7fbd68d71000-7fbd68d74000 r--s 00017000 fe:00 145374                     /usr/lib/jvm/java-7-openjdk-amd64/jre/lib/jce.jar
7fbd68d74000-7fbd68d75000 r--s 00002000 fe:00 273797                     /usr/lib/jvm/java-7-openjdk-amd64/jre/lib/ext/dnsns.jar
7fbd68d75000-7fbd68d78000 r--s 00032000 fe:00 273796                     /usr/lib/jvm/java-7-openjdk-amd64/jre/lib/ext/sunjce_provider.jar
7fbd68d78000-7fbd68d7c000 r--s 00085000 fe:00 273792                     /usr/lib/jvm/java-7-openjdk-amd64/jre/lib/ext/localedata.jar
7fbd68d7c000-7fbd68d7e000 r--s 00012000 fe:00 273794                     /usr/lib/jvm/java-7-openjdk-amd64/jre/lib/ext/zipfs.jar
7fbd68d7e000-7fbd68d82000 r--s 0003b000 fe:00 273793                     /usr/lib/jvm/java-7-openjdk-amd64/jre/lib/ext/sunpkcs11.jar
7fbd68d82000-7fbd68daa000 rw-p 00000000 00:00 0 
7fbd68daa000-7fbd68e5a000 rw-p 00000000 00:00 0 
7fbd68e5a000-7fbd68e5d000 ---p 00000000 00:00 0 
7fbd68e5d000-7fbd68f60000 rw-p 00000000 00:00 0 
7fbd68f60000-7fbd68f61000 r--s 00007000 fe:00 144694                     /usr/share/java/java-atk-wrapper.jar
7fbd68f61000-7fbd68f63000 r--s 0000f000 fe:00 273795                     /usr/lib/jvm/java-7-openjdk-amd64/jre/lib/ext/pulse-java.jar
7fbd68f63000-7fbd68f6b000 rw-s 00000000 fe:00 158805                     /tmp/hsperfdata_vagrant/9008
7fbd68f6b000-7fbd68f6c000 rw-p 00000000 00:00 0 
7fbd68f6c000-7fbd68f6d000 ---p 00000000 00:00 0 
7fbd68f6d000-7fbd68f6f000 rw-p 00000000 00:00 0 
7fbd68f6f000-7fbd68f70000 r--p 0001f000 fe:00 131123                     /lib/x86_64-linux-gnu/ld-2.13.so
7fbd68f70000-7fbd68f71000 rw-p 00020000 fe:00 131123                     /lib/x86_64-linux-gnu/ld-2.13.so
7fbd68f71000-7fbd68f72000 rw-p 00000000 00:00 0 
7fff60cf7000-7fff60d18000 rw-p 00000000 00:00 0                          [stack]
7fff60d80000-7fff60d81000 r-xp 00000000 00:00 0                          [vdso]
ffffffffff600000-ffffffffff601000 r-xp 00000000 00:00 0                  [vsyscall]

VM Arguments:
jvm_args: -Xms128m -Xmx1024m -Djava.awt.headless=true 
java_command: /usr/local/bin/Sencha/Cmd/4.0.4.84/sencha.jar app watch -e testing
Launcher Type: SUN_STANDARD

Environment Variables:
PATH=/usr/local/bin/Sencha/Cmd/4.0.4.84:/usr/local/bin/Sencha/Cmd/4.0.4.84:/usr/local/bin:/usr/bin:/bin:/usr/local/games:/usr/games:/usr/local/bin/Sencha/Cmd/4.0.4.84
SHELL=/bin/bash

Signal Handlers:
SIGSEGV: [libjvm.so+0x8f9750], sa_mask[0]=0x7ffbfeff, sa_flags=0x10000004
SIGBUS: [libjvm.so+0x8f9750], sa_mask[0]=0x7ffbfeff, sa_flags=0x10000004
SIGFPE: [libjvm.so+0x7827c0], sa_mask[0]=0x7ffbfeff, sa_flags=0x10000004
SIGPIPE: [libjvm.so+0x7827c0], sa_mask[0]=0x7ffbfeff, sa_flags=0x10000004
SIGXFSZ: [libjvm.so+0x7827c0], sa_mask[0]=0x7ffbfeff, sa_flags=0x10000004
SIGILL: [libjvm.so+0x7827c0], sa_mask[0]=0x7ffbfeff, sa_flags=0x10000004
SIGUSR1: SIG_DFL, sa_mask[0]=0x00000000, sa_flags=0x00000000
SIGUSR2: [libjvm.so+0x782ab0], sa_mask[0]=0x00000004, sa_flags=0x10000004
SIGHUP: [libjvm.so+0x782c20], sa_mask[0]=0x7ffbfeff, sa_flags=0x10000004
SIGINT: [libjvm.so+0x782c20], sa_mask[0]=0x7ffbfeff, sa_flags=0x10000004
SIGTERM: [libjvm.so+0x782c20], sa_mask[0]=0x7ffbfeff, sa_flags=0x10000004
SIGQUIT: [libjvm.so+0x782c20], sa_mask[0]=0x7ffbfeff, sa_flags=0x10000004


---------------  S Y S T E M  ---------------

OS:7.6

uname:Linux 3.2.0-4-amd64 #1 SMP Debian 3.2.60-1+deb7u1 x86_64
libc:glibc 2.13 NPTL 2.13 
rlimit: STACK 8192k, CORE 0k, NPROC 15996, NOFILE 4096, AS infinity
load average:6.41 5.61 4.93

/proc/meminfo:
MemTotal:        2061128 kB
MemFree:           54148 kB
Buffers:             372 kB
Cached:            21884 kB
SwapCached:         9760 kB
Active:          1442772 kB
Inactive:         492572 kB
Active(anon):    1433144 kB
Inactive(anon):   480092 kB
Active(file):       9628 kB
Inactive(file):    12480 kB
Unevictable:           0 kB
Mlocked:               0 kB
SwapTotal:        385020 kB
SwapFree:           7820 kB
Dirty:                84 kB
Writeback:            60 kB
AnonPages:       1903480 kB
Mapped:            32608 kB
Shmem:                 8 kB
Slab:              30548 kB
SReclaimable:      16768 kB
SUnreclaim:        13780 kB
KernelStack:        2600 kB
PageTables:         9824 kB
NFS_Unstable:          0 kB
Bounce:                0 kB
WritebackTmp:          0 kB
CommitLimit:     1415584 kB
Committed_AS:    2870200 kB
VmallocTotal:   34359738367 kB
VmallocUsed:       29792 kB
VmallocChunk:   34359707639 kB
HardwareCorrupted:     0 kB
AnonHugePages:         0 kB
HugePages_Total:       0
HugePages_Free:        0
HugePages_Rsvd:        0
HugePages_Surp:        0
Hugepagesize:       2048 kB
DirectMap4k:       44992 kB
DirectMap2M:     2052096 kB


CPU:total 2 (2 cores per cpu, 1 threads per core) family 6 model 37 stepping 5, cmov, cx8, fxsr, mmx, sse, sse2, sse3, ssse3, tsc

/proc/cpuinfo:
processor	: 0
vendor_id	: GenuineIntel
cpu family	: 6
model		: 37
model name	: Intel(R) Core(TM) i3 CPU       M 380  @ 2.53GHz
stepping	: 5
microcode	: 0x616
cpu MHz		: 2532.160
cache size	: 6144 KB
physical id	: 0
siblings	: 2
core id		: 0
cpu cores	: 2
apicid		: 0
initial apicid	: 0
fpu		: yes
fpu_exception	: yes
cpuid level	: 5
wp		: yes
flags		: fpu vme de pse tsc msr pae mce cx8 apic sep mtrr pge mca cmov pat pse36 clflush mmx fxsr sse sse2 ht syscall nx rdtscp lm constant_tsc rep_good nopl pni ssse3 lahf_lm
bogomips	: 5064.32
clflush size	: 64
cache_alignment	: 64
address sizes	: 36 bits physical, 48 bits virtual
power management:

processor	: 1
vendor_id	: GenuineIntel
cpu family	: 6
model		: 37
model name	: Intel(R) Core(TM) i3 CPU       M 380  @ 2.53GHz
stepping	: 5
microcode	: 0x616
cpu MHz		: 2532.160
cache size	: 6144 KB
physical id	: 0
siblings	: 2
core id		: 1
cpu cores	: 2
apicid		: 1
initial apicid	: 1
fpu		: yes
fpu_exception	: yes
cpuid level	: 5
wp		: yes
flags		: fpu vme de pse tsc msr pae mce cx8 apic sep mtrr pge mca cmov pat pse36 clflush mmx fxsr sse sse2 ht syscall nx rdtscp lm constant_tsc rep_good nopl pni ssse3 lahf_lm
bogomips	: 5048.96
clflush size	: 64
cache_alignment	: 64
address sizes	: 36 bits physical, 48 bits virtual
power management:



Memory: 4k page, physical 2061128k(54032k free), swap 385020k(7820k free)

vm_info: OpenJDK 64-Bit Server VM (24.51-b03) for linux-amd64 JRE (1.7.0_55-b14), built on May  2 2014 11:33:06 by "buildd" with gcc 4.7.2

time: Thu Mar  5 21:12:38 2015
elapsed time: 380 seconds

