#
# There is insufficient memory for the Java Runtime Environment to continue.
# Native memory allocation (malloc) failed to allocate 69730304 bytes for committing reserved memory.
# Possible reasons:
#   The system is out of physical RAM or swap space
#   In 32 bit mode, the process size limit was hit
# Possible solutions:
#   Reduce memory load on the system
#   Increase physical memory or swap space
#   Check if swap backing store is full
#   Use 64 bit Java on a 64 bit OS
#   Decrease Java heap size (-Xmx/-Xms)
#   Decrease number of Java threads
#   Decrease Java thread stack sizes (-Xss)
#   Set larger code cache with -XX:ReservedCodeCacheSize=
# This output file may be truncated or incomplete.
#
#  Out of Memory Error (os_linux.cpp:2769), pid=5783, tid=139885014918912
#
# JRE version: OpenJDK Runtime Environment (7.0_55-b14) (build 1.7.0_55-b14)
# Java VM: OpenJDK 64-Bit Server VM (24.51-b03 mixed mode linux-amd64 compressed oops)
# Failed to write core dump. Core dumps have been disabled. To enable core dumping, try "ulimit -c unlimited" before starting Java again
#

---------------  T H R E A D  ---------------

Current thread (0x00000000018e7000):  VMThread [stack: 0x00007f39848fa000,0x00007f39849fb000] [id=5787]

Stack: [0x00007f39848fa000,0x00007f39849fb000],  sp=0x00007f39849f94c0,  free space=1021k
Native frames: (J=compiled Java code, j=interpreted, Vv=VM code, C=native code)
V  [libjvm.so+0x8f8c75]  VMError::report_and_die()+0x175
V  [libjvm.so+0x46afd0]  report_vm_out_of_memory(char const*, int, unsigned long, char const*)+0x70
V  [libjvm.so+0x78729e]  os::Linux::commit_memory_impl(char*, unsigned long, unsigned long, bool)+0x17e
V  [libjvm.so+0x78733c]  os::pd_commit_memory(char*, unsigned long, unsigned long, bool)+0xc
V  [libjvm.so+0x781bb6]  os::commit_memory(char*, unsigned long, unsigned long, bool)+0x26
V  [libjvm.so+0x7ec3fb]  PSVirtualSpace::expand_by(unsigned long)+0x6b
V  [libjvm.so+0x7dc74c]  PSOldGen::expand(unsigned long) [clone .part.81]+0x1ac
V  [libjvm.so+0x7dd610]  PSOldGen::resize(unsigned long)+0x1e0
V  [libjvm.so+0x7e4cc4]  PSParallelCompact::invoke_no_policy(bool)+0x954
V  [libjvm.so+0x7eaa5d]  PSScavenge::invoke()+0x18d
V  [libjvm.so+0x7a473e]  ParallelScavengeHeap::failed_mem_allocate(unsigned long)+0x6e
V  [libjvm.so+0x8fa700]  VM_ParallelGCFailedAllocation::doit()+0x90
V  [libjvm.so+0x8fed92]  VM_Operation::evaluate()+0x52
V  [libjvm.so+0x8fd798]  VMThread::evaluate_operation(VM_Operation*)+0x318
V  [libjvm.so+0x8fdbbe]  VMThread::loop()+0x1ee
V  [libjvm.so+0x8fe002]  VMThread::run()+0x72
V  [libjvm.so+0x784242]  java_start(Thread*)+0xf2

VM_Operation (0x00007f397b20c410): ParallelGCFailedAllocation, mode: safepoint, requested by thread 0x0000000001b24800


---------------  P R O C E S S  ---------------

Java Threads: ( => current thread )
  0x0000000001b24800 JavaThread "AWT-EventQueue-0" [_thread_blocked, id=5858, stack(0x00007f397b110000,0x00007f397b211000)]
  0x0000000001f38800 JavaThread "AWT-Shutdown" [_thread_blocked, id=5857, stack(0x00007f397b211000,0x00007f397b312000)]
  0x000000000206d000 JavaThread "TimerQueue" daemon [_thread_blocked, id=5856, stack(0x00007f3980003000,0x00007f3980104000)]
  0x0000000002666000 JavaThread "Thread-2" daemon [_thread_in_native, id=5853, stack(0x00007f3982169000,0x00007f398226a000)]
  0x0000000001aea000 JavaThread "Thread-1" daemon [_thread_in_native, id=5849, stack(0x00007f398226a000,0x00007f398236b000)]
  0x00007f397c5e6000 JavaThread "process reaper" daemon [_thread_in_native, id=5828, stack(0x00007f398236b000,0x00007f39823a4000)]
  0x0000000001926800 JavaThread "Service Thread" daemon [_thread_blocked, id=5793, stack(0x00007f398417d000,0x00007f398427e000)]
  0x000000000191b000 JavaThread "C2 CompilerThread1" daemon [_thread_blocked, id=5792, stack(0x00007f398427e000,0x00007f398437f000)]
  0x0000000001918000 JavaThread "C2 CompilerThread0" daemon [_thread_blocked, id=5791, stack(0x00007f398437f000,0x00007f3984480000)]
  0x0000000001916000 JavaThread "Signal Dispatcher" daemon [_thread_blocked, id=5790, stack(0x00007f3984480000,0x00007f3984581000)]
  0x00000000018ed800 JavaThread "Finalizer" daemon [_thread_blocked, id=5789, stack(0x00007f39846f8000,0x00007f39847f9000)]
  0x00000000018eb800 JavaThread "Reference Handler" daemon [_thread_blocked, id=5788, stack(0x00007f39847f9000,0x00007f39848fa000)]
  0x00000000017f9000 JavaThread "main" [_thread_blocked, id=5784, stack(0x00007f398e5fe000,0x00007f398e6ff000)]

Other Threads:
=>0x00000000018e7000 VMThread [stack: 0x00007f39848fa000,0x00007f39849fb000] [id=5787]
  0x0000000001931000 WatcherThread [stack: 0x00007f398407c000,0x00007f398417d000] [id=5794]

VM state:at safepoint (normal execution)

VM Mutex/Monitor currently owned by a thread:  ([mutex/lock_event])
[0x00000000017f52d0] ExpandHeap_lock - owner thread: 0x00000000018e7000
[0x00000000017f5950] Threads_lock - owner thread: 0x00000000018e7000
[0x00000000017f5e50] Heap_lock - owner thread: 0x0000000001b24800

Heap
 PSYoungGen      total 275456K, used 10918K [0x00000000eaa80000, 0x0000000100000000, 0x0000000100000000)
  eden space 231936K, 0% used [0x00000000eaa80000,0x00000000eaa80000,0x00000000f8d00000)
  from space 43520K, 25% used [0x00000000fd580000,0x00000000fe029a58,0x0000000100000000)
  to   space 58880K, 0% used [0x00000000f8d00000,0x00000000f8d00000,0x00000000fc680000)
 ParOldGen       total 87552K, used 87349K [0x00000000c0000000, 0x00000000c5580000, 0x00000000eaa80000)
  object space 87552K, 99% used [0x00000000c0000000,0x00000000c554d7b8,0x00000000c5580000)
 PSPermGen       total 21504K, used 19600K [0x00000000b5a00000, 0x00000000b6f00000, 0x00000000c0000000)
  object space 21504K, 91% used [0x00000000b5a00000,0x00000000b6d24318,0x00000000b6f00000)

Card table byte_map: [0x00007f39880fa000,0x00007f398834e000] byte_map_base: 0x00007f3987b4d000

Polling page: 0x00007f398e710000

Code Cache  [0x00007f398834e000, 0x00007f398874e000, 0x00007f398b34e000)
 total_blobs=1404 nmethods=1082 adapters=275 free_code_cache=45197Kb largest_free_block=46172544

Compilation events (10 events):
Event: 282.323 Thread 0x0000000001918000 nmethod 1202 0x00007f398871ba50 code [0x00007f398871be20, 0x00007f398871d710]
Event: 282.324 Thread 0x0000000001918000 1203 %           java.util.HashMap::putAll @ 120 (163 bytes)
Event: 282.349 Thread 0x0000000001918000 nmethod 1203% 0x00007f39886c2b10 code [0x00007f39886c2cc0, 0x00007f39886c3188]
Event: 282.377 Thread 0x000000000191b000 nmethod 1196 0x00007f3988724850 code [0x00007f39887255e0, 0x00007f3988729d48]
Event: 282.423 Thread 0x0000000001918000 1204             com.sencha.tools.compiler.sources.SymbolData::resolveDependencies (438 bytes)
Event: 282.456 Thread 0x000000000191b000 1205             java.util.HashMap::putAll (163 bytes)
Event: 282.489 Thread 0x000000000191b000 nmethod 1205 0x00007f39886c0a90 code [0x00007f39886c0cc0, 0x00007f39886c1450]
Event: 282.592 Thread 0x0000000001918000 nmethod 1204 0x00007f398872ecd0 code [0x00007f398872f1c0, 0x00007f3988731140]
Event: 286.242 Thread 0x000000000191b000 1206             com.sencha.util.PathUtil::getRelativePath (237 bytes)
Event: 286.986 Thread 0x000000000191b000 nmethod 1206 0x00007f398873ae10 code [0x00007f398873b4c0, 0x00007f398873faa8]

GC Heap History (10 events):
Event: 62.193 GC heap after
Heap after GC invocations=6 (full 0):
 PSYoungGen      total 144384K, used 10678K [0x00000000eaa80000, 0x00000000f4680000, 0x0000000100000000)
  eden space 133632K, 0% used [0x00000000eaa80000,0x00000000eaa80000,0x00000000f2d00000)
  from space 10752K, 99% used [0x00000000f3900000,0x00000000f436dbc8,0x00000000f4380000)
  to   space 12288K, 0% used [0x00000000f2d00000,0x00000000f2d00000,0x00000000f3900000)
 ParOldGen       total 87552K, used 14524K [0x00000000c0000000, 0x00000000c5580000, 0x00000000eaa80000)
  object space 87552K, 16% used [0x00000000c0000000,0x00000000c0e2f1f8,0x00000000c5580000)
 PSPermGen       total 21504K, used 17256K [0x00000000b5a00000, 0x00000000b6f00000, 0x00000000c0000000)
  object space 21504K, 80% used [0x00000000b5a00000,0x00000000b6ada330,0x00000000b6f00000)
}
Event: 72.819 GC heap before
{Heap before GC invocations=7 (full 0):
 PSYoungGen      total 144384K, used 144310K [0x00000000eaa80000, 0x00000000f4680000, 0x0000000100000000)
  eden space 133632K, 100% used [0x00000000eaa80000,0x00000000f2d00000,0x00000000f2d00000)
  from space 10752K, 99% used [0x00000000f3900000,0x00000000f436dbc8,0x00000000f4380000)
  to   space 12288K, 0% used [0x00000000f2d00000,0x00000000f2d00000,0x00000000f3900000)
 ParOldGen       total 87552K, used 14524K [0x00000000c0000000, 0x00000000c5580000, 0x00000000eaa80000)
  object space 87552K, 16% used [0x00000000c0000000,0x00000000c0e2f1f8,0x00000000c5580000)
 PSPermGen       total 21504K, used 17419K [0x00000000b5a00000, 0x00000000b6f00000, 0x00000000c0000000)
  object space 21504K, 81% used [0x00000000b5a00000,0x00000000b6b02f48,0x00000000b6f00000)
Event: 73.045 GC heap after
Heap after GC invocations=7 (full 0):
 PSYoungGen      total 145920K, used 12266K [0x00000000eaa80000, 0x00000000fdf80000, 0x0000000100000000)
  eden space 133632K, 0% used [0x00000000eaa80000,0x00000000eaa80000,0x00000000f2d00000)
  from space 12288K, 99% used [0x00000000f2d00000,0x00000000f38fa850,0x00000000f3900000)
  to   space 24576K, 0% used [0x00000000fc780000,0x00000000fc780000,0x00000000fdf80000)
 ParOldGen       total 87552K, used 37077K [0x00000000c0000000, 0x00000000c5580000, 0x00000000eaa80000)
  object space 87552K, 42% used [0x00000000c0000000,0x00000000c24354a0,0x00000000c5580000)
 PSPermGen       total 21504K, used 17419K [0x00000000b5a00000, 0x00000000b6f00000, 0x00000000c0000000)
  object space 21504K, 81% used [0x00000000b5a00000,0x00000000b6b02f48,0x00000000b6f00000)
}
Event: 84.916 GC heap before
{Heap before GC invocations=8 (full 0):
 PSYoungGen      total 145920K, used 145898K [0x00000000eaa80000, 0x00000000fdf80000, 0x0000000100000000)
  eden space 133632K, 100% used [0x00000000eaa80000,0x00000000f2d00000,0x00000000f2d00000)
  from space 12288K, 99% used [0x00000000f2d00000,0x00000000f38fa850,0x00000000f3900000)
  to   space 24576K, 0% used [0x00000000fc780000,0x00000000fc780000,0x00000000fdf80000)
 ParOldGen       total 87552K, used 37077K [0x00000000c0000000, 0x00000000c5580000, 0x00000000eaa80000)
  object space 87552K, 42% used [0x00000000c0000000,0x00000000c24354a0,0x00000000c5580000)
 PSPermGen       total 21504K, used 17539K [0x00000000b5a00000, 0x00000000b6f00000, 0x00000000c0000000)
  object space 21504K, 81% used [0x00000000b5a00000,0x00000000b6b20f90,0x00000000b6f00000)
Event: 85.175 GC heap after
Heap after GC invocations=8 (full 0):
 PSYoungGen      total 282624K, used 24553K [0x00000000eaa80000, 0x00000000ff180000, 0x0000000100000000)
  eden space 258048K, 0% used [0x00000000eaa80000,0x00000000eaa80000,0x00000000fa680000)
  from space 24576K, 99% used [0x00000000fc780000,0x00000000fdf7a7c8,0x00000000fdf80000)
  to   space 33792K, 0% used [0x00000000fa680000,0x00000000fa680000,0x00000000fc780000)
 ParOldGen       total 87552K, used 49226K [0x00000000c0000000, 0x00000000c5580000, 0x00000000eaa80000)
  object space 87552K, 56% used [0x00000000c0000000,0x00000000c3012b58,0x00000000c5580000)
 PSPermGen       total 21504K, used 17539K [0x00000000b5a00000, 0x00000000b6f00000, 0x00000000c0000000)
  object space 21504K, 81% used [0x00000000b5a00000,0x00000000b6b20f90,0x00000000b6f00000)
}
Event: 107.382 GC heap before
{Heap before GC invocations=9 (full 0):
 PSYoungGen      total 282624K, used 282601K [0x00000000eaa80000, 0x00000000ff180000, 0x0000000100000000)
  eden space 258048K, 100% used [0x00000000eaa80000,0x00000000fa680000,0x00000000fa680000)
  from space 24576K, 99% used [0x00000000fc780000,0x00000000fdf7a7c8,0x00000000fdf80000)
  to   space 33792K, 0% used [0x00000000fa680000,0x00000000fa680000,0x00000000fc780000)
 ParOldGen       total 87552K, used 49226K [0x00000000c0000000, 0x00000000c5580000, 0x00000000eaa80000)
  object space 87552K, 56% used [0x00000000c0000000,0x00000000c3012b58,0x00000000c5580000)
 PSPermGen       total 21504K, used 17805K [0x00000000b5a00000, 0x00000000b6f00000, 0x00000000c0000000)
  object space 21504K, 82% used [0x00000000b5a00000,0x00000000b6b635b8,0x00000000b6f00000)
Event: 107.590 GC heap after
Heap after GC invocations=9 (full 0):
 PSYoungGen      total 291840K, used 33786K [0x00000000eaa80000, 0x0000000100000000, 0x0000000100000000)
  eden space 258048K, 0% used [0x00000000eaa80000,0x00000000eaa80000,0x00000000fa680000)
  from space 33792K, 99% used [0x00000000fa680000,0x00000000fc77e9a8,0x00000000fc780000)
  to   space 43520K, 0% used [0x00000000fd580000,0x00000000fd580000,0x0000000100000000)
 ParOldGen       total 87552K, used 58707K [0x00000000c0000000, 0x00000000c5580000, 0x00000000eaa80000)
  object space 87552K, 67% used [0x00000000c0000000,0x00000000c3954db0,0x00000000c5580000)
 PSPermGen       total 21504K, used 17805K [0x00000000b5a00000, 0x00000000b6f00000, 0x00000000c0000000)
  object space 21504K, 82% used [0x00000000b5a00000,0x00000000b6b635b8,0x00000000b6f00000)
}
Event: 288.523 GC heap before
{Heap before GC invocations=10 (full 0):
 PSYoungGen      total 291840K, used 291834K [0x00000000eaa80000, 0x0000000100000000, 0x0000000100000000)
  eden space 258048K, 100% used [0x00000000eaa80000,0x00000000fa680000,0x00000000fa680000)
  from space 33792K, 99% used [0x00000000fa680000,0x00000000fc77e9a8,0x00000000fc780000)
  to   space 43520K, 0% used [0x00000000fd580000,0x00000000fd580000,0x0000000100000000)
 ParOldGen       total 87552K, used 58707K [0x00000000c0000000, 0x00000000c5580000, 0x00000000eaa80000)
  object space 87552K, 67% used [0x00000000c0000000,0x00000000c3954db0,0x00000000c5580000)
 PSPermGen       total 21504K, used 20351K [0x00000000b5a00000, 0x00000000b6f00000, 0x00000000c0000000)
  object space 21504K, 94% used [0x00000000b5a00000,0x00000000b6ddff78,0x00000000b6f00000)
Event: 289.143 GC heap after
Heap after GC invocations=10 (full 0):
 PSYoungGen      total 275456K, used 43500K [0x00000000eaa80000, 0x0000000100000000, 0x0000000100000000)
  eden space 231936K, 0% used [0x00000000eaa80000,0x00000000eaa80000,0x00000000f8d00000)
  from space 43520K, 99% used [0x00000000fd580000,0x00000000ffffb060,0x0000000100000000)
  to   space 58880K, 0% used [0x00000000f8d00000,0x00000000f8d00000,0x00000000fc680000)
 ParOldGen       total 87552K, used 81962K [0x00000000c0000000, 0x00000000c5580000, 0x00000000eaa80000)
  object space 87552K, 93% used [0x00000000c0000000,0x00000000c500a960,0x00000000c5580000)
 PSPermGen       total 21504K, used 20351K [0x00000000b5a00000, 0x00000000b6f00000, 0x00000000c0000000)
  object space 21504K, 94% used [0x00000000b5a00000,0x00000000b6ddff78,0x00000000b6f00000)
}
Event: 289.143 GC heap before
{Heap before GC invocations=11 (full 1):
 PSYoungGen      total 275456K, used 43500K [0x00000000eaa80000, 0x0000000100000000, 0x0000000100000000)
  eden space 231936K, 0% used [0x00000000eaa80000,0x00000000eaa80000,0x00000000f8d00000)
  from space 43520K, 99% used [0x00000000fd580000,0x00000000ffffb060,0x0000000100000000)
  to   space 58880K, 0% used [0x00000000f8d00000,0x00000000f8d00000,0x00000000fc680000)
 ParOldGen       total 87552K, used 81962K [0x00000000c0000000, 0x00000000c5580000, 0x00000000eaa80000)
  object space 87552K, 93% used [0x00000000c0000000,0x00000000c500a960,0x00000000c5580000)
 PSPermGen       total 21504K, used 20351K [0x00000000b5a00000, 0x00000000b6f00000, 0x00000000c0000000)
  object space 21504K, 94% used [0x00000000b5a00000,0x00000000b6ddff78,0x00000000b6f00000)

Deoptimization events (10 events):
Event: 237.072 Thread 0x0000000001aea000 Uncommon trap: reason=null_check action=make_not_entrant pc=0x00007f39884ba898 method=java.lang.StringCoding.deref(Ljava/lang/ThreadLocal;)Ljava/lang/Object; @ 4
Event: 237.127 Thread 0x0000000001aea000 Uncommon trap: reason=null_check action=make_not_entrant pc=0x00007f39883eea84 method=java.lang.StringCoding.deref(Ljava/lang/ThreadLocal;)Ljava/lang/Object; @ 4
Event: 277.273 Thread 0x00000000017f9000 Uncommon trap: reason=unreached action=reinterpret pc=0x00007f39884c1908 method=java.util.Locale.equals(Ljava/lang/Object;)Z @ 2
Event: 277.339 Thread 0x00000000017f9000 Uncommon trap: reason=predicate action=maybe_recompile pc=0x00007f39886381b0 method=java.util.ArrayList.batchRemove(Ljava/util/Collection;Z)Z @ 23
Event: 278.621 Thread 0x0000000001b24800 Uncommon trap: reason=null_check action=make_not_entrant pc=0x00007f39883c81d4 method=java.lang.StringCoding.deref(Ljava/lang/ThreadLocal;)Ljava/lang/Object; @ 4
Event: 279.541 Thread 0x0000000001b24800 Uncommon trap: reason=class_check action=maybe_recompile pc=0x00007f3988678a1c method=com.sencha.util.filters.RegexFilter.test(Ljava/lang/String;)Z @ 10
Event: 279.564 Thread 0x0000000001b24800 Uncommon trap: reason=class_check action=maybe_recompile pc=0x00007f3988678a1c method=com.sencha.util.filters.RegexFilter.test(Ljava/lang/String;)Z @ 10
Event: 279.582 Thread 0x0000000001b24800 Uncommon trap: reason=class_check action=maybe_recompile pc=0x00007f3988678a1c method=com.sencha.util.filters.RegexFilter.test(Ljava/lang/String;)Z @ 10
Event: 279.590 Thread 0x0000000001b24800 Uncommon trap: reason=class_check action=maybe_recompile pc=0x00007f3988678a1c method=com.sencha.util.filters.RegexFilter.test(Ljava/lang/String;)Z @ 10
Event: 282.485 Thread 0x0000000001b24800 Uncommon trap: reason=class_check action=maybe_recompile pc=0x00007f3988563f6c method=com.sencha.util.CollectionUtil.wrap(Ljava/util/Collection;)Lcom/sencha/util/CollectionUtil$MonadicList; @ 8

Internal exceptions (10 events):
Event: 277.261 Thread 0x00000000017f9000 Threw 0x00000000f5738928 at /build/openjdk-7-kBcQ8a/openjdk-7-7u55-2.4.7/build/openjdk/hotspot/src/share/vm/prims/jvm.cpp:1244
Event: 277.267 Thread 0x00000000017f9000 Threw 0x00000000f574b950 at /build/openjdk-7-kBcQ8a/openjdk-7-7u55-2.4.7/build/openjdk/hotspot/src/share/vm/prims/jvm.cpp:1244
Event: 277.274 Thread 0x00000000017f9000 Threw 0x00000000f5750c58 at /build/openjdk-7-kBcQ8a/openjdk-7-7u55-2.4.7/build/openjdk/hotspot/src/share/vm/prims/jvm.cpp:1244
Event: 277.274 Thread 0x00000000017f9000 Threw 0x00000000f57544b8 at /build/openjdk-7-kBcQ8a/openjdk-7-7u55-2.4.7/build/openjdk/hotspot/src/share/vm/prims/jvm.cpp:1244
Event: 277.275 Thread 0x00000000017f9000 Threw 0x00000000f5759788 at /build/openjdk-7-kBcQ8a/openjdk-7-7u55-2.4.7/build/openjdk/hotspot/src/share/vm/prims/jvm.cpp:1244
Event: 277.280 Thread 0x00000000017f9000 Threw 0x00000000f575d130 at /build/openjdk-7-kBcQ8a/openjdk-7-7u55-2.4.7/build/openjdk/hotspot/src/share/vm/prims/jvm.cpp:1244
Event: 277.526 Thread 0x00000000017f9000 Threw 0x00000000f5765a18 at /build/openjdk-7-kBcQ8a/openjdk-7-7u55-2.4.7/build/openjdk/hotspot/src/share/vm/prims/jni.cpp:717
Event: 277.554 Thread 0x00000000017f9000 Threw 0x00000000f576ea18 at /build/openjdk-7-kBcQ8a/openjdk-7-7u55-2.4.7/build/openjdk/hotspot/src/share/vm/prims/jvm.cpp:1244
Event: 277.574 Thread 0x00000000017f9000 Threw 0x00000000f57857d8 at /build/openjdk-7-kBcQ8a/openjdk-7-7u55-2.4.7/build/openjdk/hotspot/src/share/vm/prims/jvm.cpp:1244
Event: 278.621 Thread 0x0000000001b24800 Implicit null exception at 0x00007f39883c80bf to 0x00007f39883c81c9

Events (10 events):
Event: 279.582 Thread 0x0000000001b24800 Uncommon trap: trap_request=0xffffffde fr.pc=0x00007f3988678a1c
Event: 279.582 Thread 0x0000000001b24800 DEOPT PACKING pc=0x00007f3988678a1c sp=0x00007f397b20c290
Event: 279.582 Thread 0x0000000001b24800 DEOPT UNPACKING pc=0x00007f3988387045 sp=0x00007f397b20c288 mode 2
Event: 279.590 Thread 0x0000000001b24800 Uncommon trap: trap_request=0xffffffde fr.pc=0x00007f3988678a1c
Event: 279.590 Thread 0x0000000001b24800 DEOPT PACKING pc=0x00007f3988678a1c sp=0x00007f397b20c290
Event: 279.590 Thread 0x0000000001b24800 DEOPT UNPACKING pc=0x00007f3988387045 sp=0x00007f397b20c288 mode 2
Event: 282.485 Thread 0x0000000001b24800 Uncommon trap: trap_request=0xffffffde fr.pc=0x00007f3988563f6c
Event: 282.485 Thread 0x0000000001b24800 DEOPT PACKING pc=0x00007f3988563f6c sp=0x00007f397b20c490
Event: 282.485 Thread 0x0000000001b24800 DEOPT UNPACKING pc=0x00007f3988387045 sp=0x00007f397b20c468 mode 2
Event: 288.523 Executing VM operation: ParallelGCFailedAllocation


Dynamic libraries:
00400000-00401000 r-xp 00000000 fe:00 145358                             /usr/lib/jvm/java-7-openjdk-amd64/jre/bin/java
00600000-00601000 r--p 00000000 fe:00 145358                             /usr/lib/jvm/java-7-openjdk-amd64/jre/bin/java
00601000-00602000 rw-p 00001000 fe:00 145358                             /usr/lib/jvm/java-7-openjdk-amd64/jre/bin/java
017ec000-02f4a000 rw-p 00000000 00:00 0                                  [heap]
b5a00000-b6f00000 rw-p 00000000 00:00 0 
b6f00000-c0000000 rw-p 00000000 00:00 0 
c0000000-c5580000 rw-p 00000000 00:00 0 
c9800000-eaa80000 rw-p 00000000 00:00 0 
eaa80000-100000000 rw-p 00000000 00:00 0 
7f397b110000-7f397b113000 ---p 00000000 00:00 0 
7f397b113000-7f397b211000 rw-p 00000000 00:00 0 
7f397b211000-7f397b214000 ---p 00000000 00:00 0 
7f397b214000-7f397b312000 rw-p 00000000 00:00 0 
7f397b312000-7f397b315000 r-xp 00000000 fe:00 129719                     /lib/x86_64-linux-gnu/libgpg-error.so.0.8.0
7f397b315000-7f397b514000 ---p 00003000 fe:00 129719                     /lib/x86_64-linux-gnu/libgpg-error.so.0.8.0
7f397b514000-7f397b515000 rw-p 00002000 fe:00 129719                     /lib/x86_64-linux-gnu/libgpg-error.so.0.8.0
7f397b515000-7f397b559000 r-xp 00000000 fe:00 144559                     /lib/x86_64-linux-gnu/libdbus-1.so.3.7.2
7f397b559000-7f397b759000 ---p 00044000 fe:00 144559                     /lib/x86_64-linux-gnu/libdbus-1.so.3.7.2
7f397b759000-7f397b75a000 r--p 00044000 fe:00 144559                     /lib/x86_64-linux-gnu/libdbus-1.so.3.7.2
7f397b75a000-7f397b75b000 rw-p 00045000 fe:00 144559                     /lib/x86_64-linux-gnu/libdbus-1.so.3.7.2
7f397b75b000-7f397b76c000 r-xp 00000000 fe:00 4543                       /usr/lib/x86_64-linux-gnu/libp11-kit.so.0.0.0
7f397b76c000-7f397b96b000 ---p 00011000 fe:00 4543                       /usr/lib/x86_64-linux-gnu/libp11-kit.so.0.0.0
7f397b96b000-7f397b96c000 r--p 00010000 fe:00 4543                       /usr/lib/x86_64-linux-gnu/libp11-kit.so.0.0.0
7f397b96c000-7f397b96d000 rw-p 00011000 fe:00 4543                       /usr/lib/x86_64-linux-gnu/libp11-kit.so.0.0.0
7f397b96d000-7f397b9e7000 r-xp 00000000 fe:00 129722                     /lib/x86_64-linux-gnu/libgcrypt.so.11.7.0
7f397b9e7000-7f397bbe7000 ---p 0007a000 fe:00 129722                     /lib/x86_64-linux-gnu/libgcrypt.so.11.7.0
7f397bbe7000-7f397bbe8000 r--p 0007a000 fe:00 129722                     /lib/x86_64-linux-gnu/libgcrypt.so.11.7.0
7f397bbe8000-7f397bbeb000 rw-p 0007b000 fe:00 129722                     /lib/x86_64-linux-gnu/libgcrypt.so.11.7.0
7f397bbeb000-7f397bbfb000 r-xp 00000000 fe:00 4554                       /usr/lib/x86_64-linux-gnu/libtasn1.so.3.1.16
7f397bbfb000-7f397bdfa000 ---p 00010000 fe:00 4554                       /usr/lib/x86_64-linux-gnu/libtasn1.so.3.1.16
7f397bdfa000-7f397bdfb000 r--p 0000f000 fe:00 4554                       /usr/lib/x86_64-linux-gnu/libtasn1.so.3.1.16
7f397bdfb000-7f397bdfc000 rw-p 00010000 fe:00 4554                       /usr/lib/x86_64-linux-gnu/libtasn1.so.3.1.16
7f397bdfc000-7f397bdff000 r-xp 00000000 fe:00 131879                     /lib/x86_64-linux-gnu/libkeyutils.so.1.4
7f397bdff000-7f397bffe000 ---p 00003000 fe:00 131879                     /lib/x86_64-linux-gnu/libkeyutils.so.1.4
7f397bffe000-7f397bfff000 r--p 00002000 fe:00 131879                     /lib/x86_64-linux-gnu/libkeyutils.so.1.4
7f397bfff000-7f397c000000 rw-p 00003000 fe:00 131879                     /lib/x86_64-linux-gnu/libkeyutils.so.1.4
7f397c000000-7f397e0da000 rw-p 00000000 00:00 0 
7f397e0da000-7f3980000000 ---p 00000000 00:00 0 
7f3980003000-7f3980006000 ---p 00000000 00:00 0 
7f3980006000-7f3980104000 rw-p 00000000 00:00 0 
7f3980104000-7f398010c000 r-xp 00000000 fe:00 2363                       /usr/lib/x86_64-linux-gnu/libkrb5support.so.0.1
7f398010c000-7f398030b000 ---p 00008000 fe:00 2363                       /usr/lib/x86_64-linux-gnu/libkrb5support.so.0.1
7f398030b000-7f398030c000 r--p 00007000 fe:00 2363                       /usr/lib/x86_64-linux-gnu/libkrb5support.so.0.1
7f398030c000-7f398030d000 rw-p 00008000 fe:00 2363                       /usr/lib/x86_64-linux-gnu/libkrb5support.so.0.1
7f398030d000-7f3980310000 r-xp 00000000 fe:00 129400                     /lib/x86_64-linux-gnu/libcom_err.so.2.1
7f3980310000-7f398050f000 ---p 00003000 fe:00 129400                     /lib/x86_64-linux-gnu/libcom_err.so.2.1
7f398050f000-7f3980510000 r--p 00002000 fe:00 129400                     /lib/x86_64-linux-gnu/libcom_err.so.2.1
7f3980510000-7f3980511000 rw-p 00003000 fe:00 129400                     /lib/x86_64-linux-gnu/libcom_err.so.2.1
7f3980511000-7f3980537000 r-xp 00000000 fe:00 2373                       /usr/lib/x86_64-linux-gnu/libk5crypto.so.3.1
7f3980537000-7f3980737000 ---p 00026000 fe:00 2373                       /usr/lib/x86_64-linux-gnu/libk5crypto.so.3.1
7f3980737000-7f3980738000 r--p 00026000 fe:00 2373                       /usr/lib/x86_64-linux-gnu/libk5crypto.so.3.1
7f3980738000-7f3980739000 rw-p 00027000 fe:00 2373                       /usr/lib/x86_64-linux-gnu/libk5crypto.so.3.1
7f3980739000-7f398073a000 rw-p 00000000 00:00 0 
7f398073a000-7f3980803000 r-xp 00000000 fe:00 2382                       /usr/lib/x86_64-linux-gnu/libkrb5.so.3.3
7f3980803000-7f3980a02000 ---p 000c9000 fe:00 2382                       /usr/lib/x86_64-linux-gnu/libkrb5.so.3.3
7f3980a02000-7f3980a0c000 r--p 000c8000 fe:00 2382                       /usr/lib/x86_64-linux-gnu/libkrb5.so.3.3
7f3980a0c000-7f3980a0e000 rw-p 000d2000 fe:00 2382                       /usr/lib/x86_64-linux-gnu/libkrb5.so.3.3
7f3980a0e000-7f3980a35000 r-xp 00000000 fe:00 129313                     /lib/x86_64-linux-gnu/libexpat.so.1.6.0
7f3980a35000-7f3980c35000 ---p 00027000 fe:00 129313                     /lib/x86_64-linux-gnu/libexpat.so.1.6.0
7f3980c35000-7f3980c37000 r--p 00027000 fe:00 129313                     /lib/x86_64-linux-gnu/libexpat.so.1.6.0
7f3980c37000-7f3980c38000 rw-p 00029000 fe:00 129313                     /lib/x86_64-linux-gnu/libexpat.so.1.6.0
7f3980c38000-7f3980cd1000 r-xp 00000000 fe:00 18161                      /usr/lib/x86_64-linux-gnu/libfreetype.so.6.8.1
7f3980cd1000-7f3980ed0000 ---p 00099000 fe:00 18161                      /usr/lib/x86_64-linux-gnu/libfreetype.so.6.8.1
7f3980ed0000-7f3980ed6000 r--p 00098000 fe:00 18161                      /usr/lib/x86_64-linux-gnu/libfreetype.so.6.8.1
7f3980ed6000-7f3980ed7000 rw-p 0009e000 fe:00 18161                      /usr/lib/x86_64-linux-gnu/libfreetype.so.6.8.1
7f3980ed7000-7f3980ee7000 r-xp 00000000 fe:00 19925                      /usr/lib/x86_64-linux-gnu/libavahi-client.so.3.2.9
7f3980ee7000-7f39810e6000 ---p 00010000 fe:00 19925                      /usr/lib/x86_64-linux-gnu/libavahi-client.so.3.2.9
7f39810e6000-7f39810e7000 r--p 0000f000 fe:00 19925                      /usr/lib/x86_64-linux-gnu/libavahi-client.so.3.2.9
7f39810e7000-7f39810e8000 rw-p 00010000 fe:00 19925                      /usr/lib/x86_64-linux-gnu/libavahi-client.so.3.2.9
7f39810e8000-7f39810f4000 r-xp 00000000 fe:00 19922                      /usr/lib/x86_64-linux-gnu/libavahi-common.so.3.5.3
7f39810f4000-7f39812f3000 ---p 0000c000 fe:00 19922                      /usr/lib/x86_64-linux-gnu/libavahi-common.so.3.5.3
7f39812f3000-7f39812f4000 r--p 0000b000 fe:00 19922                      /usr/lib/x86_64-linux-gnu/libavahi-common.so.3.5.3
7f39812f4000-7f39812f5000 rw-p 0000c000 fe:00 19922                      /usr/lib/x86_64-linux-gnu/libavahi-common.so.3.5.3
7f39812f5000-7f39813ae000 r-xp 00000000 fe:00 4578                       /usr/lib/x86_64-linux-gnu/libgnutls.so.26.22.4
7f39813ae000-7f39815ad000 ---p 000b9000 fe:00 4578                       /usr/lib/x86_64-linux-gnu/libgnutls.so.26.22.4
7f39815ad000-7f39815b3000 r--p 000b8000 fe:00 4578                       /usr/lib/x86_64-linux-gnu/libgnutls.so.26.22.4
7f39815b3000-7f39815b5000 rw-p 000be000 fe:00 4578                       /usr/lib/x86_64-linux-gnu/libgnutls.so.26.22.4
7f39815b5000-7f39815f1000 r-xp 00000000 fe:00 2400                       /usr/lib/x86_64-linux-gnu/libgssapi_krb5.so.2.2
7f39815f1000-7f39817f1000 ---p 0003c000 fe:00 2400                       /usr/lib/x86_64-linux-gnu/libgssapi_krb5.so.2.2
7f39817f1000-7f39817f2000 r--p 0003c000 fe:00 2400                       /usr/lib/x86_64-linux-gnu/libgssapi_krb5.so.2.2
7f39817f2000-7f39817f4000 rw-p 0003d000 fe:00 2400                       /usr/lib/x86_64-linux-gnu/libgssapi_krb5.so.2.2
7f39817f4000-7f3981829000 r-xp 00000000 fe:00 19952                      /usr/lib/x86_64-linux-gnu/libfontconfig.so.1.5.0
7f3981829000-7f3981a29000 ---p 00035000 fe:00 19952                      /usr/lib/x86_64-linux-gnu/libfontconfig.so.1.5.0
7f3981a29000-7f3981a2a000 r--p 00035000 fe:00 19952                      /usr/lib/x86_64-linux-gnu/libfontconfig.so.1.5.0
7f3981a2a000-7f3981a2b000 rw-p 00036000 fe:00 19952                      /usr/lib/x86_64-linux-gnu/libfontconfig.so.1.5.0
7f3981a2b000-7f3981a7e000 r-xp 00000000 fe:00 20902                      /usr/lib/x86_64-linux-gnu/libcups.so.2
7f3981a7e000-7f3981c7d000 ---p 00053000 fe:00 20902                      /usr/lib/x86_64-linux-gnu/libcups.so.2
7f3981c7d000-7f3981c82000 r--p 00052000 fe:00 20902                      /usr/lib/x86_64-linux-gnu/libcups.so.2
7f3981c82000-7f3981c83000 rw-p 00057000 fe:00 20902                      /usr/lib/x86_64-linux-gnu/libcups.so.2
7f3981c90000-7f3981c96000 r-xp 00000000 fe:00 273817                     /usr/lib/jvm/java-7-openjdk-amd64/jre/lib/amd64/headless/libmawt.so
7f3981c96000-7f3981e96000 ---p 00006000 fe:00 273817                     /usr/lib/jvm/java-7-openjdk-amd64/jre/lib/amd64/headless/libmawt.so
7f3981e96000-7f3981e97000 r--p 00006000 fe:00 273817                     /usr/lib/jvm/java-7-openjdk-amd64/jre/lib/amd64/headless/libmawt.so
7f3981e97000-7f3981e98000 rw-p 00007000 fe:00 273817                     /usr/lib/jvm/java-7-openjdk-amd64/jre/lib/amd64/headless/libmawt.so
7f3981e98000-7f3981f39000 r-xp 00000000 fe:00 273835                     /usr/lib/jvm/java-7-openjdk-amd64/jre/lib/amd64/libawt.so
7f3981f39000-7f3982138000 ---p 000a1000 fe:00 273835                     /usr/lib/jvm/java-7-openjdk-amd64/jre/lib/amd64/libawt.so
7f3982138000-7f3982139000 r--p 000a0000 fe:00 273835                     /usr/lib/jvm/java-7-openjdk-amd64/jre/lib/amd64/libawt.so
7f3982139000-7f3982144000 rw-p 000a1000 fe:00 273835                     /usr/lib/jvm/java-7-openjdk-amd64/jre/lib/amd64/libawt.so
7f3982144000-7f3982169000 rw-p 00000000 00:00 0 
7f3982169000-7f398216c000 ---p 00000000 00:00 0 
7f398216c000-7f398226a000 rw-p 00000000 00:00 0 
7f398226a000-7f398226d000 ---p 00000000 00:00 0 
7f398226d000-7f398236b000 rw-p 00000000 00:00 0 
7f398236b000-7f398236e000 ---p 00000000 00:00 0 
7f398236e000-7f39823a4000 rw-p 00000000 00:00 0 
7f39823a4000-7f39823b1000 r--s 00107000 fe:00 145373                     /usr/lib/jvm/java-7-openjdk-amd64/jre/lib/rhino.jar
7f39823b1000-7f39823ba000 r--s 000b9000 fe:00 145377                     /usr/lib/jvm/java-7-openjdk-amd64/jre/lib/resources.jar
7f39823ba000-7f39823d8000 r--s 001bd000 fe:00 152229                     /usr/local/bin/Sencha/Cmd/4.0.4.84/extensions/sencha-compass/lib/ant-1.8.4.jar
7f39823d8000-7f3982414000 r-xp 00000000 fe:00 131911                     /lib/x86_64-linux-gnu/libpcre.so.3.13.1
7f3982414000-7f3982614000 ---p 0003c000 fe:00 131911                     /lib/x86_64-linux-gnu/libpcre.so.3.13.1
7f3982614000-7f3982615000 rw-p 0003c000 fe:00 131911                     /lib/x86_64-linux-gnu/libpcre.so.3.13.1
7f3982615000-7f3982621000 r-xp 00000000 fe:00 18290                      /usr/lib/x86_64-linux-gnu/libffi.so.5.0.10
7f3982621000-7f3982821000 ---p 0000c000 fe:00 18290                      /usr/lib/x86_64-linux-gnu/libffi.so.5.0.10
7f3982821000-7f3982822000 rw-p 0000c000 fe:00 18290                      /usr/lib/x86_64-linux-gnu/libffi.so.5.0.10
7f3982822000-7f3982823000 r-xp 00000000 fe:00 19708                      /usr/lib/x86_64-linux-gnu/libgthread-2.0.so.0.3200.4
7f3982823000-7f3982a22000 ---p 00001000 fe:00 19708                      /usr/lib/x86_64-linux-gnu/libgthread-2.0.so.0.3200.4
7f3982a22000-7f3982a23000 r--p 00000000 fe:00 19708                      /usr/lib/x86_64-linux-gnu/libgthread-2.0.so.0.3200.4
7f3982a23000-7f3982a24000 rw-p 00001000 fe:00 19708                      /usr/lib/x86_64-linux-gnu/libgthread-2.0.so.0.3200.4
7f3982a24000-7f3982a37000 r-xp 00000000 fe:00 135368                     /lib/x86_64-linux-gnu/libresolv-2.13.so
7f3982a37000-7f3982c36000 ---p 00013000 fe:00 135368                     /lib/x86_64-linux-gnu/libresolv-2.13.so
7f3982c36000-7f3982c37000 r--p 00012000 fe:00 135368                     /lib/x86_64-linux-gnu/libresolv-2.13.so
7f3982c37000-7f3982c38000 rw-p 00013000 fe:00 135368                     /lib/x86_64-linux-gnu/libresolv-2.13.so
7f3982c38000-7f3982c3a000 rw-p 00000000 00:00 0 
7f3982c3a000-7f3982c58000 r-xp 00000000 fe:00 129349                     /lib/x86_64-linux-gnu/libselinux.so.1
7f3982c58000-7f3982e57000 ---p 0001e000 fe:00 129349                     /lib/x86_64-linux-gnu/libselinux.so.1
7f3982e57000-7f3982e58000 r--p 0001d000 fe:00 129349                     /lib/x86_64-linux-gnu/libselinux.so.1
7f3982e58000-7f3982e59000 rw-p 0001e000 fe:00 129349                     /lib/x86_64-linux-gnu/libselinux.so.1
7f3982e59000-7f3982e5a000 rw-p 00000000 00:00 0 
7f3982e5a000-7f3982e5d000 r-xp 00000000 fe:00 19709                      /usr/lib/x86_64-linux-gnu/libgmodule-2.0.so.0.3200.4
7f3982e5d000-7f398305c000 ---p 00003000 fe:00 19709                      /usr/lib/x86_64-linux-gnu/libgmodule-2.0.so.0.3200.4
7f398305c000-7f398305d000 r--p 00002000 fe:00 19709                      /usr/lib/x86_64-linux-gnu/libgmodule-2.0.so.0.3200.4
7f398305d000-7f398305e000 rw-p 00003000 fe:00 19709                      /usr/lib/x86_64-linux-gnu/libgmodule-2.0.so.0.3200.4
7f398305e000-7f3983153000 r-xp 00000000 fe:00 144508                     /lib/x86_64-linux-gnu/libglib-2.0.so.0.3200.4
7f3983153000-7f3983353000 ---p 000f5000 fe:00 144508                     /lib/x86_64-linux-gnu/libglib-2.0.so.0.3200.4
7f3983353000-7f3983354000 r--p 000f5000 fe:00 144508                     /lib/x86_64-linux-gnu/libglib-2.0.so.0.3200.4
7f3983354000-7f3983355000 rw-p 000f6000 fe:00 144508                     /lib/x86_64-linux-gnu/libglib-2.0.so.0.3200.4
7f3983355000-7f3983356000 rw-p 00000000 00:00 0 
7f3983356000-7f39833a4000 r-xp 00000000 fe:00 19707                      /usr/lib/x86_64-linux-gnu/libgobject-2.0.so.0.3200.4
7f39833a4000-7f39835a4000 ---p 0004e000 fe:00 19707                      /usr/lib/x86_64-linux-gnu/libgobject-2.0.so.0.3200.4
7f39835a4000-7f39835a5000 r--p 0004e000 fe:00 19707                      /usr/lib/x86_64-linux-gnu/libgobject-2.0.so.0.3200.4
7f39835a5000-7f39835a6000 rw-p 0004f000 fe:00 19707                      /usr/lib/x86_64-linux-gnu/libgobject-2.0.so.0.3200.4
7f39835a6000-7f39836f2000 r-xp 00000000 fe:00 19712                      /usr/lib/x86_64-linux-gnu/libgio-2.0.so.0.3200.4
7f39836f2000-7f39838f1000 ---p 0014c000 fe:00 19712                      /usr/lib/x86_64-linux-gnu/libgio-2.0.so.0.3200.4
7f39838f1000-7f39838f5000 r--p 0014b000 fe:00 19712                      /usr/lib/x86_64-linux-gnu/libgio-2.0.so.0.3200.4
7f39838f5000-7f39838f7000 rw-p 0014f000 fe:00 19712                      /usr/lib/x86_64-linux-gnu/libgio-2.0.so.0.3200.4
7f39838f7000-7f39838f9000 rw-p 00000000 00:00 0 
7f3983900000-7f3983901000 rw-p 00000000 00:00 0 
7f3983901000-7f3983902000 r--s 00004000 fe:00 151773                     /usr/local/bin/Sencha/Cmd/4.0.4.84/extensions/sencha-compass/lib/ant-launcher-1.8.4.jar
7f3983902000-7f3983904000 r--s 00005000 fe:00 151772                     /usr/local/bin/Sencha/Cmd/4.0.4.84/extensions/sencha-compass/lib/slf4j-api-1.6.6.jar
7f3983904000-7f3983906000 r--s 00004000 fe:00 151766                     /usr/local/bin/Sencha/Cmd/4.0.4.84/extensions/sencha-compass/sencha-compass.jar
7f3983906000-7f398391d000 r-xp 00000000 fe:00 273831                     /usr/lib/jvm/java-7-openjdk-amd64/jre/lib/amd64/libnet.so
7f398391d000-7f3983b1c000 ---p 00017000 fe:00 273831                     /usr/lib/jvm/java-7-openjdk-amd64/jre/lib/amd64/libnet.so
7f3983b1c000-7f3983b1d000 r--p 00016000 fe:00 273831                     /usr/lib/jvm/java-7-openjdk-amd64/jre/lib/amd64/libnet.so
7f3983b1d000-7f3983b1e000 rw-p 00017000 fe:00 273831                     /usr/lib/jvm/java-7-openjdk-amd64/jre/lib/amd64/libnet.so
7f3983b1e000-7f3983b2e000 r-xp 00000000 fe:00 273815                     /usr/lib/jvm/java-7-openjdk-amd64/jre/lib/amd64/libnio.so
7f3983b2e000-7f3983d2e000 ---p 00010000 fe:00 273815                     /usr/lib/jvm/java-7-openjdk-amd64/jre/lib/amd64/libnio.so
7f3983d2e000-7f3983d2f000 r--p 00010000 fe:00 273815                     /usr/lib/jvm/java-7-openjdk-amd64/jre/lib/amd64/libnio.so
7f3983d2f000-7f3983d30000 rw-p 00011000 fe:00 273815                     /usr/lib/jvm/java-7-openjdk-amd64/jre/lib/amd64/libnio.so
7f3983d30000-7f3983d31000 r-xp 00000000 fe:00 154340                     /tmp/libjansi-64-1.9.so
7f3983d31000-7f3983f30000 ---p 00001000 fe:00 154340                     /tmp/libjansi-64-1.9.so
7f3983f30000-7f3983f31000 rw-p 00000000 fe:00 154340                     /tmp/libjansi-64-1.9.so
7f3983f31000-7f3983f57000 r--s 00163000 fe:00 152237                     /usr/local/bin/Sencha/Cmd/4.0.4.84/lib/phloc-commons-4.0.1.jar
7f3983f57000-7f3983f5c000 r--s 00054000 fe:00 152234                     /usr/local/bin/Sencha/Cmd/4.0.4.84/lib/phloc-css-3.4.0.jar
7f3983f5c000-7f3983f61000 r--s 00040000 fe:00 152231                     /usr/local/bin/Sencha/Cmd/4.0.4.84/lib/jetty-util-8.1.7.v20120910.jar
7f3983f61000-7f3983f63000 r--s 00014000 fe:00 152067                     /usr/local/bin/Sencha/Cmd/4.0.4.84/lib/jetty-client-8.1.7.v20120910.jar
7f3983f63000-7f3983f65000 r--s 00014000 fe:00 152070                     /usr/local/bin/Sencha/Cmd/4.0.4.84/lib/jetty-servlets-8.1.7.v20120910.jar
7f3983f65000-7f3983f68000 r--s 00013000 fe:00 152060                     /usr/local/bin/Sencha/Cmd/4.0.4.84/lib/jetty-security-8.1.7.v20120910.jar
7f3983f68000-7f3983f6a000 r--s 00016000 fe:00 152062                     /usr/local/bin/Sencha/Cmd/4.0.4.84/lib/jetty-servlet-8.1.7.v20120910.jar
7f3983f6a000-7f3983f6b000 r--s 00009000 fe:00 152065                     /usr/local/bin/Sencha/Cmd/4.0.4.84/lib/jetty-xml-8.1.7.v20120910.jar
7f3983f6b000-7f3983f6e000 r--s 00018000 fe:00 152071                     /usr/local/bin/Sencha/Cmd/4.0.4.84/lib/jetty-webapp-8.1.7.v20120910.jar
7f3983f6e000-7f3983f71000 r--s 00017000 fe:00 152056                     /usr/local/bin/Sencha/Cmd/4.0.4.84/lib/jetty-io-8.1.7.v20120910.jar
7f3983f71000-7f3983f73000 r--s 00015000 fe:00 152061                     /usr/local/bin/Sencha/Cmd/4.0.4.84/lib/jetty-http-8.1.7.v20120910.jar
7f3983f73000-7f3983f75000 r--s 00004000 fe:00 152112                     /usr/local/bin/Sencha/Cmd/4.0.4.84/lib/jetty-continuation-8.1.7.v20120910.jar
7f3983f75000-7f3983f78000 r--s 0002e000 fe:00 152064                     /usr/local/bin/Sencha/Cmd/4.0.4.84/lib/javax.servlet-3.0.0.v201112011016.jar
7f3983f78000-7f3983f7e000 r--s 0004d000 fe:00 152239                     /usr/local/bin/Sencha/Cmd/4.0.4.84/lib/jetty-server-8.1.7.v20120910.jar
7f3983f7e000-7f3983f81000 r--s 00019000 fe:00 152059                     /usr/local/bin/Sencha/Cmd/4.0.4.84/lib/jarjar-1.1.jar
7f3983f81000-7f3983f84000 r--s 00006000 fe:00 152057                     /usr/local/bin/Sencha/Cmd/4.0.4.84/lib/jsr305-1.3.9.jar
7f3983f84000-7f3983f86000 r--s 0000a000 fe:00 152055                     /usr/local/bin/Sencha/Cmd/4.0.4.84/lib/json-20090211.jar
7f3983f86000-7f3983f8c000 r--s 00068000 fe:00 152238                     /usr/local/bin/Sencha/Cmd/4.0.4.84/lib/protobuf-java-2.4.1.jar
7f3983f8c000-7f3983f8e000 r--s 0000c000 fe:00 152054                     /usr/local/bin/Sencha/Cmd/4.0.4.84/lib/args4j-2.0.16.jar
7f3983f8e000-7f3983fc0000 r--s 0031c000 fe:00 152242                     /usr/local/bin/Sencha/Cmd/4.0.4.84/lib/closure-compiler-r2388.jar
7f3983fc0000-7f3983fe9000 r--s 001ee000 fe:00 152236                     /usr/local/bin/Sencha/Cmd/4.0.4.84/lib/guava-14.0.jar
7f3983fe9000-7f3983feb000 r--s 0001a000 fe:00 152066                     /usr/local/bin/Sencha/Cmd/4.0.4.84/lib/jansi-1.9.jar
7f3983feb000-7f3983fef000 r--s 0002a000 fe:00 152058                     /usr/local/bin/Sencha/Cmd/4.0.4.84/lib/commons-io-2.4.jar
7f3983fef000-7f3983ffa000 r--s 000a4000 fe:00 152235                     /usr/local/bin/Sencha/Cmd/4.0.4.84/lib/ant-1.5.jar
7f3983ffa000-7f3983fff000 r--s 00032000 fe:00 152069                     /usr/local/bin/Sencha/Cmd/4.0.4.84/lib/ant-contrib-1.0b3.jar
7f3983fff000-7f3984009000 r--s 000d0000 fe:00 152232                     /usr/local/bin/Sencha/Cmd/4.0.4.84/lib/yuicompressor-2.4.7.jar
7f3984009000-7f398400d000 r--s 0003c000 fe:00 152063                     /usr/local/bin/Sencha/Cmd/4.0.4.84/lib/commons-lang-2.4.jar
7f398400d000-7f398401b000 r--s 0007f000 fe:00 152230                     /usr/local/bin/Sencha/Cmd/4.0.4.84/lib/commons-collections-3.2.1.jar
7f398401b000-7f3984023000 r--s 00066000 fe:00 152233                     /usr/local/bin/Sencha/Cmd/4.0.4.84/lib/velocity-1.7.jar
7f3984023000-7f3984028000 r--s 0002a000 fe:00 152068                     /usr/local/bin/Sencha/Cmd/4.0.4.84/lib/gson-2.2.1.jar
7f3984028000-7f398402a000 r--s 00001000 fe:00 152109                     /usr/local/bin/Sencha/Cmd/4.0.4.84/lib/slf4j-jdk14-1.6.6.jar
7f398402a000-7f398402c000 r--s 00005000 fe:00 152110                     /usr/local/bin/Sencha/Cmd/4.0.4.84/lib/slf4j-api-1.6.6.jar
7f398402c000-7f398404a000 r--s 001bd000 fe:00 152241                     /usr/local/bin/Sencha/Cmd/4.0.4.84/lib/ant-1.8.4.jar
7f398404a000-7f3984057000 r--s 00109000 fe:00 152240                     /usr/local/bin/Sencha/Cmd/4.0.4.84/lib/rhino-1.7R4.jar
7f3984057000-7f398405c000 r--s 0004c000 fe:00 145362                     /usr/lib/jvm/java-7-openjdk-amd64/jre/lib/jsse.jar
7f398405c000-7f398407c000 r--s 0018c000 fe:00 152226                     /usr/local/bin/Sencha/Cmd/4.0.4.84/sencha.jar
7f398407c000-7f398407d000 ---p 00000000 00:00 0 
7f398407d000-7f398417d000 rw-p 00000000 00:00 0 
7f398417d000-7f3984180000 ---p 00000000 00:00 0 
7f3984180000-7f398427e000 rw-p 00000000 00:00 0 
7f398427e000-7f3984281000 ---p 00000000 00:00 0 
7f3984281000-7f398437f000 rw-p 00000000 00:00 0 
7f398437f000-7f3984382000 ---p 00000000 00:00 0 
7f3984382000-7f3984480000 rw-p 00000000 00:00 0 
7f3984480000-7f3984483000 ---p 00000000 00:00 0 
7f3984483000-7f3984581000 rw-p 00000000 00:00 0 
7f3984581000-7f39846f8000 r--p 00000000 fe:00 719                        /usr/lib/locale/locale-archive
7f39846f8000-7f39846fb000 ---p 00000000 00:00 0 
7f39846fb000-7f39847f9000 rw-p 00000000 00:00 0 
7f39847f9000-7f39847fc000 ---p 00000000 00:00 0 
7f39847fc000-7f39848fa000 rw-p 00000000 00:00 0 
7f39848fa000-7f39848fb000 ---p 00000000 00:00 0 
7f39848fb000-7f398534d000 rw-p 00000000 00:00 0 
7f398534d000-7f39854fb000 r--s 01cfc000 fe:00 145363                     /usr/lib/jvm/java-7-openjdk-amd64/jre/lib/rt.jar
7f39854fb000-7f3987d4f000 rw-p 00000000 00:00 0 
7f3987d4f000-7f3987d50000 ---p 00000000 00:00 0 
7f3987d50000-7f3987e50000 rw-p 00000000 00:00 0 
7f3987e50000-7f3987e51000 ---p 00000000 00:00 0 
7f3987e51000-7f3987f5c000 rw-p 00000000 00:00 0 
7f3987f5c000-7f3987fa4000 rw-p 00000000 00:00 0 
7f3987fa4000-7f3987fcf000 rw-p 00000000 00:00 0 
7f3987fcf000-7f39880fa000 rw-p 00000000 00:00 0 
7f39880fa000-7f3988105000 rw-p 00000000 00:00 0 
7f3988105000-7f398814d000 rw-p 00000000 00:00 0 
7f398814d000-7f3988178000 rw-p 00000000 00:00 0 
7f3988178000-7f39882a2000 rw-p 00000000 00:00 0 
7f39882a2000-7f398834d000 rw-p 00000000 00:00 0 
7f398834d000-7f398834e000 rw-p 00000000 00:00 0 
7f398834e000-7f398874e000 rwxp 00000000 00:00 0 
7f398874e000-7f398b34e000 rw-p 00000000 00:00 0 
7f398b34e000-7f398b356000 r-xp 00000000 fe:00 273827                     /usr/lib/jvm/java-7-openjdk-amd64/jre/lib/amd64/libzip.so
7f398b356000-7f398b555000 ---p 00008000 fe:00 273827                     /usr/lib/jvm/java-7-openjdk-amd64/jre/lib/amd64/libzip.so
7f398b555000-7f398b556000 r--p 00007000 fe:00 273827                     /usr/lib/jvm/java-7-openjdk-amd64/jre/lib/amd64/libzip.so
7f398b556000-7f398b557000 rw-p 00008000 fe:00 273827                     /usr/lib/jvm/java-7-openjdk-amd64/jre/lib/amd64/libzip.so
7f398b557000-7f398b562000 r-xp 00000000 fe:00 135362                     /lib/x86_64-linux-gnu/libnss_files-2.13.so
7f398b562000-7f398b761000 ---p 0000b000 fe:00 135362                     /lib/x86_64-linux-gnu/libnss_files-2.13.so
7f398b761000-7f398b762000 r--p 0000a000 fe:00 135362                     /lib/x86_64-linux-gnu/libnss_files-2.13.so
7f398b762000-7f398b763000 rw-p 0000b000 fe:00 135362                     /lib/x86_64-linux-gnu/libnss_files-2.13.so
7f398b763000-7f398b76d000 r-xp 00000000 fe:00 135364                     /lib/x86_64-linux-gnu/libnss_nis-2.13.so
7f398b76d000-7f398b96c000 ---p 0000a000 fe:00 135364                     /lib/x86_64-linux-gnu/libnss_nis-2.13.so
7f398b96c000-7f398b96d000 r--p 00009000 fe:00 135364                     /lib/x86_64-linux-gnu/libnss_nis-2.13.so
7f398b96d000-7f398b96e000 rw-p 0000a000 fe:00 135364                     /lib/x86_64-linux-gnu/libnss_nis-2.13.so
7f398b96e000-7f398b983000 r-xp 00000000 fe:00 135359                     /lib/x86_64-linux-gnu/libnsl-2.13.so
7f398b983000-7f398bb82000 ---p 00015000 fe:00 135359                     /lib/x86_64-linux-gnu/libnsl-2.13.so
7f398bb82000-7f398bb83000 r--p 00014000 fe:00 135359                     /lib/x86_64-linux-gnu/libnsl-2.13.so
7f398bb83000-7f398bb84000 rw-p 00015000 fe:00 135359                     /lib/x86_64-linux-gnu/libnsl-2.13.so
7f398bb84000-7f398bb86000 rw-p 00000000 00:00 0 
7f398bb86000-7f398bb8d000 r-xp 00000000 fe:00 135360                     /lib/x86_64-linux-gnu/libnss_compat-2.13.so
7f398bb8d000-7f398bd8c000 ---p 00007000 fe:00 135360                     /lib/x86_64-linux-gnu/libnss_compat-2.13.so
7f398bd8c000-7f398bd8d000 r--p 00006000 fe:00 135360                     /lib/x86_64-linux-gnu/libnss_compat-2.13.so
7f398bd8d000-7f398bd8e000 rw-p 00007000 fe:00 135360                     /lib/x86_64-linux-gnu/libnss_compat-2.13.so
7f398bd8e000-7f398bdb9000 r-xp 00000000 fe:00 273832                     /usr/lib/jvm/java-7-openjdk-amd64/jre/lib/amd64/libjava.so
7f398bdb9000-7f398bfb8000 ---p 0002b000 fe:00 273832                     /usr/lib/jvm/java-7-openjdk-amd64/jre/lib/amd64/libjava.so
7f398bfb8000-7f398bfb9000 r--p 0002a000 fe:00 273832                     /usr/lib/jvm/java-7-openjdk-amd64/jre/lib/amd64/libjava.so
7f398bfb9000-7f398bfbb000 rw-p 0002b000 fe:00 273832                     /usr/lib/jvm/java-7-openjdk-amd64/jre/lib/amd64/libjava.so
7f398bfbb000-7f398bfca000 r-xp 00000000 fe:00 273833                     /usr/lib/jvm/java-7-openjdk-amd64/jre/lib/amd64/libverify.so
7f398bfca000-7f398c1c9000 ---p 0000f000 fe:00 273833                     /usr/lib/jvm/java-7-openjdk-amd64/jre/lib/amd64/libverify.so
7f398c1c9000-7f398c1cb000 r--p 0000e000 fe:00 273833                     /usr/lib/jvm/java-7-openjdk-amd64/jre/lib/amd64/libverify.so
7f398c1cb000-7f398c1cc000 rw-p 00010000 fe:00 273833                     /usr/lib/jvm/java-7-openjdk-amd64/jre/lib/amd64/libverify.so
7f398c1cc000-7f398c1d3000 r-xp 00000000 fe:00 135369                     /lib/x86_64-linux-gnu/librt-2.13.so
7f398c1d3000-7f398c3d2000 ---p 00007000 fe:00 135369                     /lib/x86_64-linux-gnu/librt-2.13.so
7f398c3d2000-7f398c3d3000 r--p 00006000 fe:00 135369                     /lib/x86_64-linux-gnu/librt-2.13.so
7f398c3d3000-7f398c3d4000 rw-p 00007000 fe:00 135369                     /lib/x86_64-linux-gnu/librt-2.13.so
7f398c3d4000-7f398c3e9000 r-xp 00000000 fe:00 129288                     /lib/x86_64-linux-gnu/libgcc_s.so.1
7f398c3e9000-7f398c5e9000 ---p 00015000 fe:00 129288                     /lib/x86_64-linux-gnu/libgcc_s.so.1
7f398c5e9000-7f398c5ea000 rw-p 00015000 fe:00 129288                     /lib/x86_64-linux-gnu/libgcc_s.so.1
7f398c5ea000-7f398c66b000 r-xp 00000000 fe:00 135357                     /lib/x86_64-linux-gnu/libm-2.13.so
7f398c66b000-7f398c86a000 ---p 00081000 fe:00 135357                     /lib/x86_64-linux-gnu/libm-2.13.so
7f398c86a000-7f398c86b000 r--p 00080000 fe:00 135357                     /lib/x86_64-linux-gnu/libm-2.13.so
7f398c86b000-7f398c86c000 rw-p 00081000 fe:00 135357                     /lib/x86_64-linux-gnu/libm-2.13.so
7f398c86c000-7f398c954000 r-xp 00000000 fe:00 4038                       /usr/lib/x86_64-linux-gnu/libstdc++.so.6.0.17
7f398c954000-7f398cb54000 ---p 000e8000 fe:00 4038                       /usr/lib/x86_64-linux-gnu/libstdc++.so.6.0.17
7f398cb54000-7f398cb5c000 r--p 000e8000 fe:00 4038                       /usr/lib/x86_64-linux-gnu/libstdc++.so.6.0.17
7f398cb5c000-7f398cb5e000 rw-p 000f0000 fe:00 4038                       /usr/lib/x86_64-linux-gnu/libstdc++.so.6.0.17
7f398cb5e000-7f398cb73000 rw-p 00000000 00:00 0 
7f398cb73000-7f398d63c000 r-xp 00000000 fe:00 273821                     /usr/lib/jvm/java-7-openjdk-amd64/jre/lib/amd64/server/libjvm.so
7f398d63c000-7f398d83c000 ---p 00ac9000 fe:00 273821                     /usr/lib/jvm/java-7-openjdk-amd64/jre/lib/amd64/server/libjvm.so
7f398d83c000-7f398d8d4000 r--p 00ac9000 fe:00 273821                     /usr/lib/jvm/java-7-openjdk-amd64/jre/lib/amd64/server/libjvm.so
7f398d8d4000-7f398d8f7000 rw-p 00b61000 fe:00 273821                     /usr/lib/jvm/java-7-openjdk-amd64/jre/lib/amd64/server/libjvm.so
7f398d8f7000-7f398d924000 rw-p 00000000 00:00 0 
7f398d924000-7f398d93a000 r-xp 00000000 fe:00 129531                     /lib/x86_64-linux-gnu/libz.so.1.2.7
7f398d93a000-7f398db39000 ---p 00016000 fe:00 129531                     /lib/x86_64-linux-gnu/libz.so.1.2.7
7f398db39000-7f398db3a000 r--p 00015000 fe:00 129531                     /lib/x86_64-linux-gnu/libz.so.1.2.7
7f398db3a000-7f398db3b000 rw-p 00016000 fe:00 129531                     /lib/x86_64-linux-gnu/libz.so.1.2.7
7f398db3b000-7f398dcbd000 r-xp 00000000 fe:00 135353                     /lib/x86_64-linux-gnu/libc-2.13.so
7f398dcbd000-7f398debc000 ---p 00182000 fe:00 135353                     /lib/x86_64-linux-gnu/libc-2.13.so
7f398debc000-7f398dec0000 r--p 00181000 fe:00 135353                     /lib/x86_64-linux-gnu/libc-2.13.so
7f398dec0000-7f398dec1000 rw-p 00185000 fe:00 135353                     /lib/x86_64-linux-gnu/libc-2.13.so
7f398dec1000-7f398dec6000 rw-p 00000000 00:00 0 
7f398dec6000-7f398dec8000 r-xp 00000000 fe:00 135356                     /lib/x86_64-linux-gnu/libdl-2.13.so
7f398dec8000-7f398e0c8000 ---p 00002000 fe:00 135356                     /lib/x86_64-linux-gnu/libdl-2.13.so
7f398e0c8000-7f398e0c9000 r--p 00002000 fe:00 135356                     /lib/x86_64-linux-gnu/libdl-2.13.so
7f398e0c9000-7f398e0ca000 rw-p 00003000 fe:00 135356                     /lib/x86_64-linux-gnu/libdl-2.13.so
7f398e0ca000-7f398e0d7000 r-xp 00000000 fe:00 273824                     /usr/lib/jvm/java-7-openjdk-amd64/jre/lib/amd64/jli/libjli.so
7f398e0d7000-7f398e2d6000 ---p 0000d000 fe:00 273824                     /usr/lib/jvm/java-7-openjdk-amd64/jre/lib/amd64/jli/libjli.so
7f398e2d6000-7f398e2d7000 r--p 0000c000 fe:00 273824                     /usr/lib/jvm/java-7-openjdk-amd64/jre/lib/amd64/jli/libjli.so
7f398e2d7000-7f398e2d8000 rw-p 0000d000 fe:00 273824                     /usr/lib/jvm/java-7-openjdk-amd64/jre/lib/amd64/jli/libjli.so
7f398e2d8000-7f398e2ef000 r-xp 00000000 fe:00 135367                     /lib/x86_64-linux-gnu/libpthread-2.13.so
7f398e2ef000-7f398e4ee000 ---p 00017000 fe:00 135367                     /lib/x86_64-linux-gnu/libpthread-2.13.so
7f398e4ee000-7f398e4ef000 r--p 00016000 fe:00 135367                     /lib/x86_64-linux-gnu/libpthread-2.13.so
7f398e4ef000-7f398e4f0000 rw-p 00017000 fe:00 135367                     /lib/x86_64-linux-gnu/libpthread-2.13.so
7f398e4f0000-7f398e4f4000 rw-p 00000000 00:00 0 
7f398e4f4000-7f398e514000 r-xp 00000000 fe:00 131123                     /lib/x86_64-linux-gnu/ld-2.13.so
7f398e514000-7f398e515000 r--s 00004000 fe:00 152111                     /usr/local/bin/Sencha/Cmd/4.0.4.84/lib/ant-launcher-1.8.4.jar
7f398e515000-7f398e518000 r--s 00017000 fe:00 145374                     /usr/lib/jvm/java-7-openjdk-amd64/jre/lib/jce.jar
7f398e518000-7f398e519000 r--s 00002000 fe:00 273797                     /usr/lib/jvm/java-7-openjdk-amd64/jre/lib/ext/dnsns.jar
7f398e519000-7f398e51c000 r--s 00032000 fe:00 273796                     /usr/lib/jvm/java-7-openjdk-amd64/jre/lib/ext/sunjce_provider.jar
7f398e51c000-7f398e520000 r--s 00085000 fe:00 273792                     /usr/lib/jvm/java-7-openjdk-amd64/jre/lib/ext/localedata.jar
7f398e520000-7f398e522000 r--s 00012000 fe:00 273794                     /usr/lib/jvm/java-7-openjdk-amd64/jre/lib/ext/zipfs.jar
7f398e522000-7f398e526000 r--s 0003b000 fe:00 273793                     /usr/lib/jvm/java-7-openjdk-amd64/jre/lib/ext/sunpkcs11.jar
7f398e526000-7f398e54e000 rw-p 00000000 00:00 0 
7f398e54e000-7f398e5fe000 rw-p 00000000 00:00 0 
7f398e5fe000-7f398e601000 ---p 00000000 00:00 0 
7f398e601000-7f398e704000 rw-p 00000000 00:00 0 
7f398e704000-7f398e705000 r--s 00007000 fe:00 144694                     /usr/share/java/java-atk-wrapper.jar
7f398e705000-7f398e707000 r--s 0000f000 fe:00 273795                     /usr/lib/jvm/java-7-openjdk-amd64/jre/lib/ext/pulse-java.jar
7f398e707000-7f398e70f000 rw-s 00000000 fe:00 158800                     /tmp/hsperfdata_vagrant/5783
7f398e70f000-7f398e710000 rw-p 00000000 00:00 0 
7f398e710000-7f398e711000 ---p 00000000 00:00 0 
7f398e711000-7f398e713000 rw-p 00000000 00:00 0 
7f398e713000-7f398e714000 r--p 0001f000 fe:00 131123                     /lib/x86_64-linux-gnu/ld-2.13.so
7f398e714000-7f398e715000 rw-p 00020000 fe:00 131123                     /lib/x86_64-linux-gnu/ld-2.13.so
7f398e715000-7f398e716000 rw-p 00000000 00:00 0 
7fff79d94000-7fff79db5000 rw-p 00000000 00:00 0                          [stack]
7fff79dff000-7fff79e00000 r-xp 00000000 00:00 0                          [vdso]
ffffffffff600000-ffffffffff601000 r-xp 00000000 00:00 0                  [vsyscall]

VM Arguments:
jvm_args: -Xms128m -Xmx1024m -Djava.awt.headless=true 
java_command: /usr/local/bin/Sencha/Cmd/4.0.4.84/sencha.jar app watch -e testing
Launcher Type: SUN_STANDARD

Environment Variables:
PATH=/usr/local/bin/Sencha/Cmd/4.0.4.84:/usr/local/bin/Sencha/Cmd/4.0.4.84:/usr/local/bin:/usr/bin:/bin:/usr/local/games:/usr/games:/usr/local/bin/Sencha/Cmd/4.0.4.84
SHELL=/bin/bash

Signal Handlers:
SIGSEGV: [libjvm.so+0x8f9750], sa_mask[0]=0x7ffbfeff, sa_flags=0x10000004
SIGBUS: [libjvm.so+0x8f9750], sa_mask[0]=0x7ffbfeff, sa_flags=0x10000004
SIGFPE: [libjvm.so+0x7827c0], sa_mask[0]=0x7ffbfeff, sa_flags=0x10000004
SIGPIPE: [libjvm.so+0x7827c0], sa_mask[0]=0x7ffbfeff, sa_flags=0x10000004
SIGXFSZ: [libjvm.so+0x7827c0], sa_mask[0]=0x7ffbfeff, sa_flags=0x10000004
SIGILL: [libjvm.so+0x7827c0], sa_mask[0]=0x7ffbfeff, sa_flags=0x10000004
SIGUSR1: SIG_DFL, sa_mask[0]=0x00000000, sa_flags=0x00000000
SIGUSR2: [libjvm.so+0x782ab0], sa_mask[0]=0x00000004, sa_flags=0x10000004
SIGHUP: [libjvm.so+0x782c20], sa_mask[0]=0x7ffbfeff, sa_flags=0x10000004
SIGINT: [libjvm.so+0x782c20], sa_mask[0]=0x7ffbfeff, sa_flags=0x10000004
SIGTERM: [libjvm.so+0x782c20], sa_mask[0]=0x7ffbfeff, sa_flags=0x10000004
SIGQUIT: [libjvm.so+0x782c20], sa_mask[0]=0x7ffbfeff, sa_flags=0x10000004


---------------  S Y S T E M  ---------------

OS:7.6

uname:Linux 3.2.0-4-amd64 #1 SMP Debian 3.2.60-1+deb7u1 x86_64
libc:glibc 2.13 NPTL 2.13 
rlimit: STACK 8192k, CORE 0k, NPROC 15996, NOFILE 4096, AS infinity
load average:5.44 5.04 4.77

/proc/meminfo:
MemTotal:        2061128 kB
MemFree:           68124 kB
Buffers:             304 kB
Cached:            14128 kB
SwapCached:        31740 kB
Active:          1435808 kB
Inactive:         488056 kB
Active(anon):    1430932 kB
Inactive(anon):   478536 kB
Active(file):       4876 kB
Inactive(file):     9520 kB
Unevictable:           0 kB
Mlocked:               0 kB
SwapTotal:        385020 kB
SwapFree:          19744 kB
Dirty:                56 kB
Writeback:             0 kB
AnonPages:       1877776 kB
Mapped:            23796 kB
Shmem:                 8 kB
Slab:              28932 kB
SReclaimable:      15584 kB
SUnreclaim:        13348 kB
KernelStack:        2688 kB
PageTables:         9796 kB
NFS_Unstable:          0 kB
Bounce:                0 kB
WritebackTmp:          0 kB
CommitLimit:     1415584 kB
Committed_AS:    3005532 kB
VmallocTotal:   34359738367 kB
VmallocUsed:       29792 kB
VmallocChunk:   34359707639 kB
HardwareCorrupted:     0 kB
AnonHugePages:         0 kB
HugePages_Total:       0
HugePages_Free:        0
HugePages_Rsvd:        0
HugePages_Surp:        0
Hugepagesize:       2048 kB
DirectMap4k:       40896 kB
DirectMap2M:     2056192 kB


CPU:total 2 (2 cores per cpu, 1 threads per core) family 6 model 37 stepping 5, cmov, cx8, fxsr, mmx, sse, sse2, sse3, ssse3, tsc

/proc/cpuinfo:
processor	: 0
vendor_id	: GenuineIntel
cpu family	: 6
model		: 37
model name	: Intel(R) Core(TM) i3 CPU       M 380  @ 2.53GHz
stepping	: 5
microcode	: 0x616
cpu MHz		: 2526.752
cache size	: 6144 KB
physical id	: 0
siblings	: 2
core id		: 0
cpu cores	: 2
apicid		: 0
initial apicid	: 0
fpu		: yes
fpu_exception	: yes
cpuid level	: 5
wp		: yes
flags		: fpu vme de pse tsc msr pae mce cx8 apic sep mtrr pge mca cmov pat pse36 clflush mmx fxsr sse sse2 ht syscall nx rdtscp lm constant_tsc rep_good nopl pni ssse3 lahf_lm
bogomips	: 5053.50
clflush size	: 64
cache_alignment	: 64
address sizes	: 36 bits physical, 48 bits virtual
power management:

processor	: 1
vendor_id	: GenuineIntel
cpu family	: 6
model		: 37
model name	: Intel(R) Core(TM) i3 CPU       M 380  @ 2.53GHz
stepping	: 5
microcode	: 0x616
cpu MHz		: 2526.752
cache size	: 6144 KB
physical id	: 0
siblings	: 2
core id		: 1
cpu cores	: 2
apicid		: 1
initial apicid	: 1
fpu		: yes
fpu_exception	: yes
cpuid level	: 5
wp		: yes
flags		: fpu vme de pse tsc msr pae mce cx8 apic sep mtrr pge mca cmov pat pse36 clflush mmx fxsr sse sse2 ht syscall nx rdtscp lm constant_tsc rep_good nopl pni ssse3 lahf_lm
bogomips	: 5052.01
clflush size	: 64
cache_alignment	: 64
address sizes	: 36 bits physical, 48 bits virtual
power management:



Memory: 4k page, physical 2061128k(68124k free), swap 385020k(19744k free)

vm_info: OpenJDK 64-Bit Server VM (24.51-b03) for linux-amd64 JRE (1.7.0_55-b14), built on May  2 2014 11:33:06 by "buildd" with gcc 4.7.2

time: Sun Mar  8 01:18:13 2015
elapsed time: 291 seconds

